<?xml version="1.0" encoding="UTF-8"?>
<testsuites>
  <testsuite name="" tests="66" assertions="0" errors="66" warnings="0" failures="0" skipped="0" time="0.383755">
    <testsuite name="ResourceController Test Suite" tests="66" assertions="0" errors="66" warnings="0" failures="0" skipped="0" time="0.383755">
      <testsuite name="RafflesArgentina\RestfulController\ApiRestfulControllerTest" file="/Users/mpatronelli/Desarrollo/l8-restful-controller/tests/ApiResourceControllerTest.php" tests="16" assertions="0" errors="16" warnings="0" failures="0" skipped="0" time="0.156923">
        <testcase name="testIndexRoute" class="RafflesArgentina\RestfulController\ApiRestfulControllerTest" classname="RafflesArgentina.RestfulController.ApiRestfulControllerTest" file="/Users/mpatronelli/Desarrollo/l8-restful-controller/tests/ApiResourceControllerTest.php" line="14" assertions="0" time="0.094533">
          <error type="Error">RafflesArgentina\RestfulController\ApiRestfulControllerTest::testIndexRoute
Error: Class 'Orchestra\Database\ConsoleServiceProvider' not found

/Users/mpatronelli/Desarrollo/l8-restful-controller/vendor/laravel/framework/src/Illuminate/Foundation/ProviderRepository.php:208
/Users/mpatronelli/Desarrollo/l8-restful-controller/vendor/laravel/framework/src/Illuminate/Foundation/ProviderRepository.php:144
/Users/mpatronelli/Desarrollo/l8-restful-controller/vendor/laravel/framework/src/Illuminate/Foundation/ProviderRepository.php:61
/Users/mpatronelli/Desarrollo/l8-restful-controller/vendor/laravel/framework/src/Illuminate/Foundation/Application.php:604
/Users/mpatronelli/Desarrollo/l8-restful-controller/vendor/laravel/framework/src/Illuminate/Foundation/Bootstrap/RegisterProviders.php:17
/Users/mpatronelli/Desarrollo/l8-restful-controller/vendor/orchestra/testbench-core/src/Concerns/CreatesApplication.php:319
/Users/mpatronelli/Desarrollo/l8-restful-controller/vendor/orchestra/testbench-core/src/Concerns/CreatesApplication.php:213
/Users/mpatronelli/Desarrollo/l8-restful-controller/vendor/orchestra/testbench-core/src/TestCase.php:75
/Users/mpatronelli/Desarrollo/l8-restful-controller/vendor/orchestra/testbench-core/src/Concerns/Testing.php:78
/Users/mpatronelli/Desarrollo/l8-restful-controller/vendor/orchestra/testbench-core/src/TestCase.php:43
/Users/mpatronelli/Desarrollo/l8-restful-controller/tests/BaseTest.php:12</error>
        </testcase>
        <testcase name="testIndexRouteWithUseSoftDeletes" class="RafflesArgentina\RestfulController\ApiRestfulControllerTest" classname="RafflesArgentina.RestfulController.ApiRestfulControllerTest" file="/Users/mpatronelli/Desarrollo/l8-restful-controller/tests/ApiResourceControllerTest.php" line="26" assertions="0" time="0.003190">
          <error type="Error">RafflesArgentina\RestfulController\ApiRestfulControllerTest::testIndexRouteWithUseSoftDeletes
Error: Class 'Orchestra\Database\ConsoleServiceProvider' not found

/Users/mpatronelli/Desarrollo/l8-restful-controller/vendor/laravel/framework/src/Illuminate/Foundation/ProviderRepository.php:208
/Users/mpatronelli/Desarrollo/l8-restful-controller/vendor/laravel/framework/src/Illuminate/Foundation/ProviderRepository.php:144
/Users/mpatronelli/Desarrollo/l8-restful-controller/vendor/laravel/framework/src/Illuminate/Foundation/ProviderRepository.php:61
/Users/mpatronelli/Desarrollo/l8-restful-controller/vendor/laravel/framework/src/Illuminate/Foundation/Application.php:604
/Users/mpatronelli/Desarrollo/l8-restful-controller/vendor/laravel/framework/src/Illuminate/Foundation/Bootstrap/RegisterProviders.php:17
/Users/mpatronelli/Desarrollo/l8-restful-controller/vendor/orchestra/testbench-core/src/Concerns/CreatesApplication.php:319
/Users/mpatronelli/Desarrollo/l8-restful-controller/vendor/orchestra/testbench-core/src/Concerns/CreatesApplication.php:213
/Users/mpatronelli/Desarrollo/l8-restful-controller/vendor/orchestra/testbench-core/src/TestCase.php:75
/Users/mpatronelli/Desarrollo/l8-restful-controller/vendor/orchestra/testbench-core/src/Concerns/Testing.php:78
/Users/mpatronelli/Desarrollo/l8-restful-controller/vendor/orchestra/testbench-core/src/TestCase.php:43
/Users/mpatronelli/Desarrollo/l8-restful-controller/tests/BaseTest.php:12</error>
        </testcase>
        <testcase name="testCreateRoute" class="RafflesArgentina\RestfulController\ApiRestfulControllerTest" classname="RafflesArgentina.RestfulController.ApiRestfulControllerTest" file="/Users/mpatronelli/Desarrollo/l8-restful-controller/tests/ApiResourceControllerTest.php" line="41" assertions="0" time="0.002756">
          <error type="Error">RafflesArgentina\RestfulController\ApiRestfulControllerTest::testCreateRoute
Error: Class 'Orchestra\Database\ConsoleServiceProvider' not found

/Users/mpatronelli/Desarrollo/l8-restful-controller/vendor/laravel/framework/src/Illuminate/Foundation/ProviderRepository.php:208
/Users/mpatronelli/Desarrollo/l8-restful-controller/vendor/laravel/framework/src/Illuminate/Foundation/ProviderRepository.php:144
/Users/mpatronelli/Desarrollo/l8-restful-controller/vendor/laravel/framework/src/Illuminate/Foundation/ProviderRepository.php:61
/Users/mpatronelli/Desarrollo/l8-restful-controller/vendor/laravel/framework/src/Illuminate/Foundation/Application.php:604
/Users/mpatronelli/Desarrollo/l8-restful-controller/vendor/laravel/framework/src/Illuminate/Foundation/Bootstrap/RegisterProviders.php:17
/Users/mpatronelli/Desarrollo/l8-restful-controller/vendor/orchestra/testbench-core/src/Concerns/CreatesApplication.php:319
/Users/mpatronelli/Desarrollo/l8-restful-controller/vendor/orchestra/testbench-core/src/Concerns/CreatesApplication.php:213
/Users/mpatronelli/Desarrollo/l8-restful-controller/vendor/orchestra/testbench-core/src/TestCase.php:75
/Users/mpatronelli/Desarrollo/l8-restful-controller/vendor/orchestra/testbench-core/src/Concerns/Testing.php:78
/Users/mpatronelli/Desarrollo/l8-restful-controller/vendor/orchestra/testbench-core/src/TestCase.php:43
/Users/mpatronelli/Desarrollo/l8-restful-controller/tests/BaseTest.php:12</error>
        </testcase>
        <testcase name="testStoreRoute" class="RafflesArgentina\RestfulController\ApiRestfulControllerTest" classname="RafflesArgentina.RestfulController.ApiRestfulControllerTest" file="/Users/mpatronelli/Desarrollo/l8-restful-controller/tests/ApiResourceControllerTest.php" line="50" assertions="0" time="0.003203">
          <error type="Error">RafflesArgentina\RestfulController\ApiRestfulControllerTest::testStoreRoute
Error: Class 'Orchestra\Database\ConsoleServiceProvider' not found

/Users/mpatronelli/Desarrollo/l8-restful-controller/vendor/laravel/framework/src/Illuminate/Foundation/ProviderRepository.php:208
/Users/mpatronelli/Desarrollo/l8-restful-controller/vendor/laravel/framework/src/Illuminate/Foundation/ProviderRepository.php:144
/Users/mpatronelli/Desarrollo/l8-restful-controller/vendor/laravel/framework/src/Illuminate/Foundation/ProviderRepository.php:61
/Users/mpatronelli/Desarrollo/l8-restful-controller/vendor/laravel/framework/src/Illuminate/Foundation/Application.php:604
/Users/mpatronelli/Desarrollo/l8-restful-controller/vendor/laravel/framework/src/Illuminate/Foundation/Bootstrap/RegisterProviders.php:17
/Users/mpatronelli/Desarrollo/l8-restful-controller/vendor/orchestra/testbench-core/src/Concerns/CreatesApplication.php:319
/Users/mpatronelli/Desarrollo/l8-restful-controller/vendor/orchestra/testbench-core/src/Concerns/CreatesApplication.php:213
/Users/mpatronelli/Desarrollo/l8-restful-controller/vendor/orchestra/testbench-core/src/TestCase.php:75
/Users/mpatronelli/Desarrollo/l8-restful-controller/vendor/orchestra/testbench-core/src/Concerns/Testing.php:78
/Users/mpatronelli/Desarrollo/l8-restful-controller/vendor/orchestra/testbench-core/src/TestCase.php:43
/Users/mpatronelli/Desarrollo/l8-restful-controller/tests/BaseTest.php:12</error>
        </testcase>
        <testcase name="testShowRoute" class="RafflesArgentina\RestfulController\ApiRestfulControllerTest" classname="RafflesArgentina.RestfulController.ApiRestfulControllerTest" file="/Users/mpatronelli/Desarrollo/l8-restful-controller/tests/ApiResourceControllerTest.php" line="59" assertions="0" time="0.002790">
          <error type="Error">RafflesArgentina\RestfulController\ApiRestfulControllerTest::testShowRoute
Error: Class 'Orchestra\Database\ConsoleServiceProvider' not found

/Users/mpatronelli/Desarrollo/l8-restful-controller/vendor/laravel/framework/src/Illuminate/Foundation/ProviderRepository.php:208
/Users/mpatronelli/Desarrollo/l8-restful-controller/vendor/laravel/framework/src/Illuminate/Foundation/ProviderRepository.php:144
/Users/mpatronelli/Desarrollo/l8-restful-controller/vendor/laravel/framework/src/Illuminate/Foundation/ProviderRepository.php:61
/Users/mpatronelli/Desarrollo/l8-restful-controller/vendor/laravel/framework/src/Illuminate/Foundation/Application.php:604
/Users/mpatronelli/Desarrollo/l8-restful-controller/vendor/laravel/framework/src/Illuminate/Foundation/Bootstrap/RegisterProviders.php:17
/Users/mpatronelli/Desarrollo/l8-restful-controller/vendor/orchestra/testbench-core/src/Concerns/CreatesApplication.php:319
/Users/mpatronelli/Desarrollo/l8-restful-controller/vendor/orchestra/testbench-core/src/Concerns/CreatesApplication.php:213
/Users/mpatronelli/Desarrollo/l8-restful-controller/vendor/orchestra/testbench-core/src/TestCase.php:75
/Users/mpatronelli/Desarrollo/l8-restful-controller/vendor/orchestra/testbench-core/src/Concerns/Testing.php:78
/Users/mpatronelli/Desarrollo/l8-restful-controller/vendor/orchestra/testbench-core/src/TestCase.php:43
/Users/mpatronelli/Desarrollo/l8-restful-controller/tests/BaseTest.php:12</error>
        </testcase>
        <testcase name="testShowRouteWithUseSoftDeletes" class="RafflesArgentina\RestfulController\ApiRestfulControllerTest" classname="RafflesArgentina.RestfulController.ApiRestfulControllerTest" file="/Users/mpatronelli/Desarrollo/l8-restful-controller/tests/ApiResourceControllerTest.php" line="70" assertions="0" time="0.002637">
          <error type="Error">RafflesArgentina\RestfulController\ApiRestfulControllerTest::testShowRouteWithUseSoftDeletes
Error: Class 'Orchestra\Database\ConsoleServiceProvider' not found

/Users/mpatronelli/Desarrollo/l8-restful-controller/vendor/laravel/framework/src/Illuminate/Foundation/ProviderRepository.php:208
/Users/mpatronelli/Desarrollo/l8-restful-controller/vendor/laravel/framework/src/Illuminate/Foundation/ProviderRepository.php:144
/Users/mpatronelli/Desarrollo/l8-restful-controller/vendor/laravel/framework/src/Illuminate/Foundation/ProviderRepository.php:61
/Users/mpatronelli/Desarrollo/l8-restful-controller/vendor/laravel/framework/src/Illuminate/Foundation/Application.php:604
/Users/mpatronelli/Desarrollo/l8-restful-controller/vendor/laravel/framework/src/Illuminate/Foundation/Bootstrap/RegisterProviders.php:17
/Users/mpatronelli/Desarrollo/l8-restful-controller/vendor/orchestra/testbench-core/src/Concerns/CreatesApplication.php:319
/Users/mpatronelli/Desarrollo/l8-restful-controller/vendor/orchestra/testbench-core/src/Concerns/CreatesApplication.php:213
/Users/mpatronelli/Desarrollo/l8-restful-controller/vendor/orchestra/testbench-core/src/TestCase.php:75
/Users/mpatronelli/Desarrollo/l8-restful-controller/vendor/orchestra/testbench-core/src/Concerns/Testing.php:78
/Users/mpatronelli/Desarrollo/l8-restful-controller/vendor/orchestra/testbench-core/src/TestCase.php:43
/Users/mpatronelli/Desarrollo/l8-restful-controller/tests/BaseTest.php:12</error>
        </testcase>
        <testcase name="testShowRouteWithInexistentModel" class="RafflesArgentina\RestfulController\ApiRestfulControllerTest" classname="RafflesArgentina.RestfulController.ApiRestfulControllerTest" file="/Users/mpatronelli/Desarrollo/l8-restful-controller/tests/ApiResourceControllerTest.php" line="82" assertions="0" time="0.003664">
          <error type="Error">RafflesArgentina\RestfulController\ApiRestfulControllerTest::testShowRouteWithInexistentModel
Error: Class 'Orchestra\Database\ConsoleServiceProvider' not found

/Users/mpatronelli/Desarrollo/l8-restful-controller/vendor/laravel/framework/src/Illuminate/Foundation/ProviderRepository.php:208
/Users/mpatronelli/Desarrollo/l8-restful-controller/vendor/laravel/framework/src/Illuminate/Foundation/ProviderRepository.php:144
/Users/mpatronelli/Desarrollo/l8-restful-controller/vendor/laravel/framework/src/Illuminate/Foundation/ProviderRepository.php:61
/Users/mpatronelli/Desarrollo/l8-restful-controller/vendor/laravel/framework/src/Illuminate/Foundation/Application.php:604
/Users/mpatronelli/Desarrollo/l8-restful-controller/vendor/laravel/framework/src/Illuminate/Foundation/Bootstrap/RegisterProviders.php:17
/Users/mpatronelli/Desarrollo/l8-restful-controller/vendor/orchestra/testbench-core/src/Concerns/CreatesApplication.php:319
/Users/mpatronelli/Desarrollo/l8-restful-controller/vendor/orchestra/testbench-core/src/Concerns/CreatesApplication.php:213
/Users/mpatronelli/Desarrollo/l8-restful-controller/vendor/orchestra/testbench-core/src/TestCase.php:75
/Users/mpatronelli/Desarrollo/l8-restful-controller/vendor/orchestra/testbench-core/src/Concerns/Testing.php:78
/Users/mpatronelli/Desarrollo/l8-restful-controller/vendor/orchestra/testbench-core/src/TestCase.php:43
/Users/mpatronelli/Desarrollo/l8-restful-controller/tests/BaseTest.php:12</error>
        </testcase>
        <testcase name="testEditRoute" class="RafflesArgentina\RestfulController\ApiRestfulControllerTest" classname="RafflesArgentina.RestfulController.ApiRestfulControllerTest" file="/Users/mpatronelli/Desarrollo/l8-restful-controller/tests/ApiResourceControllerTest.php" line="90" assertions="0" time="0.002767">
          <error type="Error">RafflesArgentina\RestfulController\ApiRestfulControllerTest::testEditRoute
Error: Class 'Orchestra\Database\ConsoleServiceProvider' not found

/Users/mpatronelli/Desarrollo/l8-restful-controller/vendor/laravel/framework/src/Illuminate/Foundation/ProviderRepository.php:208
/Users/mpatronelli/Desarrollo/l8-restful-controller/vendor/laravel/framework/src/Illuminate/Foundation/ProviderRepository.php:144
/Users/mpatronelli/Desarrollo/l8-restful-controller/vendor/laravel/framework/src/Illuminate/Foundation/ProviderRepository.php:61
/Users/mpatronelli/Desarrollo/l8-restful-controller/vendor/laravel/framework/src/Illuminate/Foundation/Application.php:604
/Users/mpatronelli/Desarrollo/l8-restful-controller/vendor/laravel/framework/src/Illuminate/Foundation/Bootstrap/RegisterProviders.php:17
/Users/mpatronelli/Desarrollo/l8-restful-controller/vendor/orchestra/testbench-core/src/Concerns/CreatesApplication.php:319
/Users/mpatronelli/Desarrollo/l8-restful-controller/vendor/orchestra/testbench-core/src/Concerns/CreatesApplication.php:213
/Users/mpatronelli/Desarrollo/l8-restful-controller/vendor/orchestra/testbench-core/src/TestCase.php:75
/Users/mpatronelli/Desarrollo/l8-restful-controller/vendor/orchestra/testbench-core/src/Concerns/Testing.php:78
/Users/mpatronelli/Desarrollo/l8-restful-controller/vendor/orchestra/testbench-core/src/TestCase.php:43
/Users/mpatronelli/Desarrollo/l8-restful-controller/tests/BaseTest.php:12</error>
        </testcase>
        <testcase name="testEditRouteWithUseSoftDeletes" class="RafflesArgentina\RestfulController\ApiRestfulControllerTest" classname="RafflesArgentina.RestfulController.ApiRestfulControllerTest" file="/Users/mpatronelli/Desarrollo/l8-restful-controller/tests/ApiResourceControllerTest.php" line="101" assertions="0" time="0.002960">
          <error type="Error">RafflesArgentina\RestfulController\ApiRestfulControllerTest::testEditRouteWithUseSoftDeletes
Error: Class 'Orchestra\Database\ConsoleServiceProvider' not found

/Users/mpatronelli/Desarrollo/l8-restful-controller/vendor/laravel/framework/src/Illuminate/Foundation/ProviderRepository.php:208
/Users/mpatronelli/Desarrollo/l8-restful-controller/vendor/laravel/framework/src/Illuminate/Foundation/ProviderRepository.php:144
/Users/mpatronelli/Desarrollo/l8-restful-controller/vendor/laravel/framework/src/Illuminate/Foundation/ProviderRepository.php:61
/Users/mpatronelli/Desarrollo/l8-restful-controller/vendor/laravel/framework/src/Illuminate/Foundation/Application.php:604
/Users/mpatronelli/Desarrollo/l8-restful-controller/vendor/laravel/framework/src/Illuminate/Foundation/Bootstrap/RegisterProviders.php:17
/Users/mpatronelli/Desarrollo/l8-restful-controller/vendor/orchestra/testbench-core/src/Concerns/CreatesApplication.php:319
/Users/mpatronelli/Desarrollo/l8-restful-controller/vendor/orchestra/testbench-core/src/Concerns/CreatesApplication.php:213
/Users/mpatronelli/Desarrollo/l8-restful-controller/vendor/orchestra/testbench-core/src/TestCase.php:75
/Users/mpatronelli/Desarrollo/l8-restful-controller/vendor/orchestra/testbench-core/src/Concerns/Testing.php:78
/Users/mpatronelli/Desarrollo/l8-restful-controller/vendor/orchestra/testbench-core/src/TestCase.php:43
/Users/mpatronelli/Desarrollo/l8-restful-controller/tests/BaseTest.php:12</error>
        </testcase>
        <testcase name="testEditRouteWithInexistentModel" class="RafflesArgentina\RestfulController\ApiRestfulControllerTest" classname="RafflesArgentina.RestfulController.ApiRestfulControllerTest" file="/Users/mpatronelli/Desarrollo/l8-restful-controller/tests/ApiResourceControllerTest.php" line="113" assertions="0" time="0.002916">
          <error type="Error">RafflesArgentina\RestfulController\ApiRestfulControllerTest::testEditRouteWithInexistentModel
Error: Class 'Orchestra\Database\ConsoleServiceProvider' not found

/Users/mpatronelli/Desarrollo/l8-restful-controller/vendor/laravel/framework/src/Illuminate/Foundation/ProviderRepository.php:208
/Users/mpatronelli/Desarrollo/l8-restful-controller/vendor/laravel/framework/src/Illuminate/Foundation/ProviderRepository.php:144
/Users/mpatronelli/Desarrollo/l8-restful-controller/vendor/laravel/framework/src/Illuminate/Foundation/ProviderRepository.php:61
/Users/mpatronelli/Desarrollo/l8-restful-controller/vendor/laravel/framework/src/Illuminate/Foundation/Application.php:604
/Users/mpatronelli/Desarrollo/l8-restful-controller/vendor/laravel/framework/src/Illuminate/Foundation/Bootstrap/RegisterProviders.php:17
/Users/mpatronelli/Desarrollo/l8-restful-controller/vendor/orchestra/testbench-core/src/Concerns/CreatesApplication.php:319
/Users/mpatronelli/Desarrollo/l8-restful-controller/vendor/orchestra/testbench-core/src/Concerns/CreatesApplication.php:213
/Users/mpatronelli/Desarrollo/l8-restful-controller/vendor/orchestra/testbench-core/src/TestCase.php:75
/Users/mpatronelli/Desarrollo/l8-restful-controller/vendor/orchestra/testbench-core/src/Concerns/Testing.php:78
/Users/mpatronelli/Desarrollo/l8-restful-controller/vendor/orchestra/testbench-core/src/TestCase.php:43
/Users/mpatronelli/Desarrollo/l8-restful-controller/tests/BaseTest.php:12</error>
        </testcase>
        <testcase name="testUpdateRoute" class="RafflesArgentina\RestfulController\ApiRestfulControllerTest" classname="RafflesArgentina.RestfulController.ApiRestfulControllerTest" file="/Users/mpatronelli/Desarrollo/l8-restful-controller/tests/ApiResourceControllerTest.php" line="121" assertions="0" time="0.002813">
          <error type="Error">RafflesArgentina\RestfulController\ApiRestfulControllerTest::testUpdateRoute
Error: Class 'Orchestra\Database\ConsoleServiceProvider' not found

/Users/mpatronelli/Desarrollo/l8-restful-controller/vendor/laravel/framework/src/Illuminate/Foundation/ProviderRepository.php:208
/Users/mpatronelli/Desarrollo/l8-restful-controller/vendor/laravel/framework/src/Illuminate/Foundation/ProviderRepository.php:144
/Users/mpatronelli/Desarrollo/l8-restful-controller/vendor/laravel/framework/src/Illuminate/Foundation/ProviderRepository.php:61
/Users/mpatronelli/Desarrollo/l8-restful-controller/vendor/laravel/framework/src/Illuminate/Foundation/Application.php:604
/Users/mpatronelli/Desarrollo/l8-restful-controller/vendor/laravel/framework/src/Illuminate/Foundation/Bootstrap/RegisterProviders.php:17
/Users/mpatronelli/Desarrollo/l8-restful-controller/vendor/orchestra/testbench-core/src/Concerns/CreatesApplication.php:319
/Users/mpatronelli/Desarrollo/l8-restful-controller/vendor/orchestra/testbench-core/src/Concerns/CreatesApplication.php:213
/Users/mpatronelli/Desarrollo/l8-restful-controller/vendor/orchestra/testbench-core/src/TestCase.php:75
/Users/mpatronelli/Desarrollo/l8-restful-controller/vendor/orchestra/testbench-core/src/Concerns/Testing.php:78
/Users/mpatronelli/Desarrollo/l8-restful-controller/vendor/orchestra/testbench-core/src/TestCase.php:43
/Users/mpatronelli/Desarrollo/l8-restful-controller/tests/BaseTest.php:12</error>
        </testcase>
        <testcase name="testUpdateRouteWithUseSoftDeletes" class="RafflesArgentina\RestfulController\ApiRestfulControllerTest" classname="RafflesArgentina.RestfulController.ApiRestfulControllerTest" file="/Users/mpatronelli/Desarrollo/l8-restful-controller/tests/ApiResourceControllerTest.php" line="132" assertions="0" time="0.005971">
          <error type="Error">RafflesArgentina\RestfulController\ApiRestfulControllerTest::testUpdateRouteWithUseSoftDeletes
Error: Class 'Orchestra\Database\ConsoleServiceProvider' not found

/Users/mpatronelli/Desarrollo/l8-restful-controller/vendor/laravel/framework/src/Illuminate/Foundation/ProviderRepository.php:208
/Users/mpatronelli/Desarrollo/l8-restful-controller/vendor/laravel/framework/src/Illuminate/Foundation/ProviderRepository.php:144
/Users/mpatronelli/Desarrollo/l8-restful-controller/vendor/laravel/framework/src/Illuminate/Foundation/ProviderRepository.php:61
/Users/mpatronelli/Desarrollo/l8-restful-controller/vendor/laravel/framework/src/Illuminate/Foundation/Application.php:604
/Users/mpatronelli/Desarrollo/l8-restful-controller/vendor/laravel/framework/src/Illuminate/Foundation/Bootstrap/RegisterProviders.php:17
/Users/mpatronelli/Desarrollo/l8-restful-controller/vendor/orchestra/testbench-core/src/Concerns/CreatesApplication.php:319
/Users/mpatronelli/Desarrollo/l8-restful-controller/vendor/orchestra/testbench-core/src/Concerns/CreatesApplication.php:213
/Users/mpatronelli/Desarrollo/l8-restful-controller/vendor/orchestra/testbench-core/src/TestCase.php:75
/Users/mpatronelli/Desarrollo/l8-restful-controller/vendor/orchestra/testbench-core/src/Concerns/Testing.php:78
/Users/mpatronelli/Desarrollo/l8-restful-controller/vendor/orchestra/testbench-core/src/TestCase.php:43
/Users/mpatronelli/Desarrollo/l8-restful-controller/tests/BaseTest.php:12</error>
        </testcase>
        <testcase name="testUpdateRouteWithInexistentModel" class="RafflesArgentina\RestfulController\ApiRestfulControllerTest" classname="RafflesArgentina.RestfulController.ApiRestfulControllerTest" file="/Users/mpatronelli/Desarrollo/l8-restful-controller/tests/ApiResourceControllerTest.php" line="144" assertions="0" time="0.004683">
          <error type="Error">RafflesArgentina\RestfulController\ApiRestfulControllerTest::testUpdateRouteWithInexistentModel
Error: Class 'Orchestra\Database\ConsoleServiceProvider' not found

/Users/mpatronelli/Desarrollo/l8-restful-controller/vendor/laravel/framework/src/Illuminate/Foundation/ProviderRepository.php:208
/Users/mpatronelli/Desarrollo/l8-restful-controller/vendor/laravel/framework/src/Illuminate/Foundation/ProviderRepository.php:144
/Users/mpatronelli/Desarrollo/l8-restful-controller/vendor/laravel/framework/src/Illuminate/Foundation/ProviderRepository.php:61
/Users/mpatronelli/Desarrollo/l8-restful-controller/vendor/laravel/framework/src/Illuminate/Foundation/Application.php:604
/Users/mpatronelli/Desarrollo/l8-restful-controller/vendor/laravel/framework/src/Illuminate/Foundation/Bootstrap/RegisterProviders.php:17
/Users/mpatronelli/Desarrollo/l8-restful-controller/vendor/orchestra/testbench-core/src/Concerns/CreatesApplication.php:319
/Users/mpatronelli/Desarrollo/l8-restful-controller/vendor/orchestra/testbench-core/src/Concerns/CreatesApplication.php:213
/Users/mpatronelli/Desarrollo/l8-restful-controller/vendor/orchestra/testbench-core/src/TestCase.php:75
/Users/mpatronelli/Desarrollo/l8-restful-controller/vendor/orchestra/testbench-core/src/Concerns/Testing.php:78
/Users/mpatronelli/Desarrollo/l8-restful-controller/vendor/orchestra/testbench-core/src/TestCase.php:43
/Users/mpatronelli/Desarrollo/l8-restful-controller/tests/BaseTest.php:12</error>
        </testcase>
        <testcase name="testDestroyRoute" class="RafflesArgentina\RestfulController\ApiRestfulControllerTest" classname="RafflesArgentina.RestfulController.ApiRestfulControllerTest" file="/Users/mpatronelli/Desarrollo/l8-restful-controller/tests/ApiResourceControllerTest.php" line="152" assertions="0" time="0.004250">
          <error type="Error">RafflesArgentina\RestfulController\ApiRestfulControllerTest::testDestroyRoute
Error: Class 'Orchestra\Database\ConsoleServiceProvider' not found

/Users/mpatronelli/Desarrollo/l8-restful-controller/vendor/laravel/framework/src/Illuminate/Foundation/ProviderRepository.php:208
/Users/mpatronelli/Desarrollo/l8-restful-controller/vendor/laravel/framework/src/Illuminate/Foundation/ProviderRepository.php:144
/Users/mpatronelli/Desarrollo/l8-restful-controller/vendor/laravel/framework/src/Illuminate/Foundation/ProviderRepository.php:61
/Users/mpatronelli/Desarrollo/l8-restful-controller/vendor/laravel/framework/src/Illuminate/Foundation/Application.php:604
/Users/mpatronelli/Desarrollo/l8-restful-controller/vendor/laravel/framework/src/Illuminate/Foundation/Bootstrap/RegisterProviders.php:17
/Users/mpatronelli/Desarrollo/l8-restful-controller/vendor/orchestra/testbench-core/src/Concerns/CreatesApplication.php:319
/Users/mpatronelli/Desarrollo/l8-restful-controller/vendor/orchestra/testbench-core/src/Concerns/CreatesApplication.php:213
/Users/mpatronelli/Desarrollo/l8-restful-controller/vendor/orchestra/testbench-core/src/TestCase.php:75
/Users/mpatronelli/Desarrollo/l8-restful-controller/vendor/orchestra/testbench-core/src/Concerns/Testing.php:78
/Users/mpatronelli/Desarrollo/l8-restful-controller/vendor/orchestra/testbench-core/src/TestCase.php:43
/Users/mpatronelli/Desarrollo/l8-restful-controller/tests/BaseTest.php:12</error>
        </testcase>
        <testcase name="testDestroyRouteWithUseSoftDeletes" class="RafflesArgentina\RestfulController\ApiRestfulControllerTest" classname="RafflesArgentina.RestfulController.ApiRestfulControllerTest" file="/Users/mpatronelli/Desarrollo/l8-restful-controller/tests/ApiResourceControllerTest.php" line="163" assertions="0" time="0.008470">
          <error type="Error">RafflesArgentina\RestfulController\ApiRestfulControllerTest::testDestroyRouteWithUseSoftDeletes
Error: Class 'Orchestra\Database\ConsoleServiceProvider' not found

/Users/mpatronelli/Desarrollo/l8-restful-controller/vendor/laravel/framework/src/Illuminate/Foundation/ProviderRepository.php:208
/Users/mpatronelli/Desarrollo/l8-restful-controller/vendor/laravel/framework/src/Illuminate/Foundation/ProviderRepository.php:144
/Users/mpatronelli/Desarrollo/l8-restful-controller/vendor/laravel/framework/src/Illuminate/Foundation/ProviderRepository.php:61
/Users/mpatronelli/Desarrollo/l8-restful-controller/vendor/laravel/framework/src/Illuminate/Foundation/Application.php:604
/Users/mpatronelli/Desarrollo/l8-restful-controller/vendor/laravel/framework/src/Illuminate/Foundation/Bootstrap/RegisterProviders.php:17
/Users/mpatronelli/Desarrollo/l8-restful-controller/vendor/orchestra/testbench-core/src/Concerns/CreatesApplication.php:319
/Users/mpatronelli/Desarrollo/l8-restful-controller/vendor/orchestra/testbench-core/src/Concerns/CreatesApplication.php:213
/Users/mpatronelli/Desarrollo/l8-restful-controller/vendor/orchestra/testbench-core/src/TestCase.php:75
/Users/mpatronelli/Desarrollo/l8-restful-controller/vendor/orchestra/testbench-core/src/Concerns/Testing.php:78
/Users/mpatronelli/Desarrollo/l8-restful-controller/vendor/orchestra/testbench-core/src/TestCase.php:43
/Users/mpatronelli/Desarrollo/l8-restful-controller/tests/BaseTest.php:12</error>
        </testcase>
        <testcase name="testDestroyRouteWithInexistentModel" class="RafflesArgentina\RestfulController\ApiRestfulControllerTest" classname="RafflesArgentina.RestfulController.ApiRestfulControllerTest" file="/Users/mpatronelli/Desarrollo/l8-restful-controller/tests/ApiResourceControllerTest.php" line="175" assertions="0" time="0.009321">
          <error type="Error">RafflesArgentina\RestfulController\ApiRestfulControllerTest::testDestroyRouteWithInexistentModel
Error: Class 'Orchestra\Database\ConsoleServiceProvider' not found

/Users/mpatronelli/Desarrollo/l8-restful-controller/vendor/laravel/framework/src/Illuminate/Foundation/ProviderRepository.php:208
/Users/mpatronelli/Desarrollo/l8-restful-controller/vendor/laravel/framework/src/Illuminate/Foundation/ProviderRepository.php:144
/Users/mpatronelli/Desarrollo/l8-restful-controller/vendor/laravel/framework/src/Illuminate/Foundation/ProviderRepository.php:61
/Users/mpatronelli/Desarrollo/l8-restful-controller/vendor/laravel/framework/src/Illuminate/Foundation/Application.php:604
/Users/mpatronelli/Desarrollo/l8-restful-controller/vendor/laravel/framework/src/Illuminate/Foundation/Bootstrap/RegisterProviders.php:17
/Users/mpatronelli/Desarrollo/l8-restful-controller/vendor/orchestra/testbench-core/src/Concerns/CreatesApplication.php:319
/Users/mpatronelli/Desarrollo/l8-restful-controller/vendor/orchestra/testbench-core/src/Concerns/CreatesApplication.php:213
/Users/mpatronelli/Desarrollo/l8-restful-controller/vendor/orchestra/testbench-core/src/TestCase.php:75
/Users/mpatronelli/Desarrollo/l8-restful-controller/vendor/orchestra/testbench-core/src/Concerns/Testing.php:78
/Users/mpatronelli/Desarrollo/l8-restful-controller/vendor/orchestra/testbench-core/src/TestCase.php:43
/Users/mpatronelli/Desarrollo/l8-restful-controller/tests/BaseTest.php:12</error>
        </testcase>
      </testsuite>
      <testsuite name="RafflesArgentina\RestfulController\RestfulControllerTest" file="/Users/mpatronelli/Desarrollo/l8-restful-controller/tests/ResourceControllerTest.php" tests="16" assertions="0" errors="16" warnings="0" failures="0" skipped="0" time="0.066563">
        <testcase name="testIndexRoute" class="RafflesArgentina\RestfulController\RestfulControllerTest" classname="RafflesArgentina.RestfulController.RestfulControllerTest" file="/Users/mpatronelli/Desarrollo/l8-restful-controller/tests/ResourceControllerTest.php" line="14" assertions="0" time="0.004909">
          <error type="Error">RafflesArgentina\RestfulController\RestfulControllerTest::testIndexRoute
Error: Class 'Orchestra\Database\ConsoleServiceProvider' not found

/Users/mpatronelli/Desarrollo/l8-restful-controller/vendor/laravel/framework/src/Illuminate/Foundation/ProviderRepository.php:208
/Users/mpatronelli/Desarrollo/l8-restful-controller/vendor/laravel/framework/src/Illuminate/Foundation/ProviderRepository.php:144
/Users/mpatronelli/Desarrollo/l8-restful-controller/vendor/laravel/framework/src/Illuminate/Foundation/ProviderRepository.php:61
/Users/mpatronelli/Desarrollo/l8-restful-controller/vendor/laravel/framework/src/Illuminate/Foundation/Application.php:604
/Users/mpatronelli/Desarrollo/l8-restful-controller/vendor/laravel/framework/src/Illuminate/Foundation/Bootstrap/RegisterProviders.php:17
/Users/mpatronelli/Desarrollo/l8-restful-controller/vendor/orchestra/testbench-core/src/Concerns/CreatesApplication.php:319
/Users/mpatronelli/Desarrollo/l8-restful-controller/vendor/orchestra/testbench-core/src/Concerns/CreatesApplication.php:213
/Users/mpatronelli/Desarrollo/l8-restful-controller/vendor/orchestra/testbench-core/src/TestCase.php:75
/Users/mpatronelli/Desarrollo/l8-restful-controller/vendor/orchestra/testbench-core/src/Concerns/Testing.php:78
/Users/mpatronelli/Desarrollo/l8-restful-controller/vendor/orchestra/testbench-core/src/TestCase.php:43
/Users/mpatronelli/Desarrollo/l8-restful-controller/tests/BaseTest.php:12</error>
        </testcase>
        <testcase name="testIndexRouteWithUseSoftDeletes" class="RafflesArgentina\RestfulController\RestfulControllerTest" classname="RafflesArgentina.RestfulController.RestfulControllerTest" file="/Users/mpatronelli/Desarrollo/l8-restful-controller/tests/ResourceControllerTest.php" line="31" assertions="0" time="0.005273">
          <error type="Error">RafflesArgentina\RestfulController\RestfulControllerTest::testIndexRouteWithUseSoftDeletes
Error: Class 'Orchestra\Database\ConsoleServiceProvider' not found

/Users/mpatronelli/Desarrollo/l8-restful-controller/vendor/laravel/framework/src/Illuminate/Foundation/ProviderRepository.php:208
/Users/mpatronelli/Desarrollo/l8-restful-controller/vendor/laravel/framework/src/Illuminate/Foundation/ProviderRepository.php:144
/Users/mpatronelli/Desarrollo/l8-restful-controller/vendor/laravel/framework/src/Illuminate/Foundation/ProviderRepository.php:61
/Users/mpatronelli/Desarrollo/l8-restful-controller/vendor/laravel/framework/src/Illuminate/Foundation/Application.php:604
/Users/mpatronelli/Desarrollo/l8-restful-controller/vendor/laravel/framework/src/Illuminate/Foundation/Bootstrap/RegisterProviders.php:17
/Users/mpatronelli/Desarrollo/l8-restful-controller/vendor/orchestra/testbench-core/src/Concerns/CreatesApplication.php:319
/Users/mpatronelli/Desarrollo/l8-restful-controller/vendor/orchestra/testbench-core/src/Concerns/CreatesApplication.php:213
/Users/mpatronelli/Desarrollo/l8-restful-controller/vendor/orchestra/testbench-core/src/TestCase.php:75
/Users/mpatronelli/Desarrollo/l8-restful-controller/vendor/orchestra/testbench-core/src/Concerns/Testing.php:78
/Users/mpatronelli/Desarrollo/l8-restful-controller/vendor/orchestra/testbench-core/src/TestCase.php:43
/Users/mpatronelli/Desarrollo/l8-restful-controller/tests/BaseTest.php:12</error>
        </testcase>
        <testcase name="testCreateRoute" class="RafflesArgentina\RestfulController\RestfulControllerTest" classname="RafflesArgentina.RestfulController.RestfulControllerTest" file="/Users/mpatronelli/Desarrollo/l8-restful-controller/tests/ResourceControllerTest.php" line="51" assertions="0" time="0.003615">
          <error type="Error">RafflesArgentina\RestfulController\RestfulControllerTest::testCreateRoute
Error: Class 'Orchestra\Database\ConsoleServiceProvider' not found

/Users/mpatronelli/Desarrollo/l8-restful-controller/vendor/laravel/framework/src/Illuminate/Foundation/ProviderRepository.php:208
/Users/mpatronelli/Desarrollo/l8-restful-controller/vendor/laravel/framework/src/Illuminate/Foundation/ProviderRepository.php:144
/Users/mpatronelli/Desarrollo/l8-restful-controller/vendor/laravel/framework/src/Illuminate/Foundation/ProviderRepository.php:61
/Users/mpatronelli/Desarrollo/l8-restful-controller/vendor/laravel/framework/src/Illuminate/Foundation/Application.php:604
/Users/mpatronelli/Desarrollo/l8-restful-controller/vendor/laravel/framework/src/Illuminate/Foundation/Bootstrap/RegisterProviders.php:17
/Users/mpatronelli/Desarrollo/l8-restful-controller/vendor/orchestra/testbench-core/src/Concerns/CreatesApplication.php:319
/Users/mpatronelli/Desarrollo/l8-restful-controller/vendor/orchestra/testbench-core/src/Concerns/CreatesApplication.php:213
/Users/mpatronelli/Desarrollo/l8-restful-controller/vendor/orchestra/testbench-core/src/TestCase.php:75
/Users/mpatronelli/Desarrollo/l8-restful-controller/vendor/orchestra/testbench-core/src/Concerns/Testing.php:78
/Users/mpatronelli/Desarrollo/l8-restful-controller/vendor/orchestra/testbench-core/src/TestCase.php:43
/Users/mpatronelli/Desarrollo/l8-restful-controller/tests/BaseTest.php:12</error>
        </testcase>
        <testcase name="testStoreRoute" class="RafflesArgentina\RestfulController\RestfulControllerTest" classname="RafflesArgentina.RestfulController.RestfulControllerTest" file="/Users/mpatronelli/Desarrollo/l8-restful-controller/tests/ResourceControllerTest.php" line="65" assertions="0" time="0.004461">
          <error type="Error">RafflesArgentina\RestfulController\RestfulControllerTest::testStoreRoute
Error: Class 'Orchestra\Database\ConsoleServiceProvider' not found

/Users/mpatronelli/Desarrollo/l8-restful-controller/vendor/laravel/framework/src/Illuminate/Foundation/ProviderRepository.php:208
/Users/mpatronelli/Desarrollo/l8-restful-controller/vendor/laravel/framework/src/Illuminate/Foundation/ProviderRepository.php:144
/Users/mpatronelli/Desarrollo/l8-restful-controller/vendor/laravel/framework/src/Illuminate/Foundation/ProviderRepository.php:61
/Users/mpatronelli/Desarrollo/l8-restful-controller/vendor/laravel/framework/src/Illuminate/Foundation/Application.php:604
/Users/mpatronelli/Desarrollo/l8-restful-controller/vendor/laravel/framework/src/Illuminate/Foundation/Bootstrap/RegisterProviders.php:17
/Users/mpatronelli/Desarrollo/l8-restful-controller/vendor/orchestra/testbench-core/src/Concerns/CreatesApplication.php:319
/Users/mpatronelli/Desarrollo/l8-restful-controller/vendor/orchestra/testbench-core/src/Concerns/CreatesApplication.php:213
/Users/mpatronelli/Desarrollo/l8-restful-controller/vendor/orchestra/testbench-core/src/TestCase.php:75
/Users/mpatronelli/Desarrollo/l8-restful-controller/vendor/orchestra/testbench-core/src/Concerns/Testing.php:78
/Users/mpatronelli/Desarrollo/l8-restful-controller/vendor/orchestra/testbench-core/src/TestCase.php:43
/Users/mpatronelli/Desarrollo/l8-restful-controller/tests/BaseTest.php:12</error>
        </testcase>
        <testcase name="testShowRoute" class="RafflesArgentina\RestfulController\RestfulControllerTest" classname="RafflesArgentina.RestfulController.RestfulControllerTest" file="/Users/mpatronelli/Desarrollo/l8-restful-controller/tests/ResourceControllerTest.php" line="78" assertions="0" time="0.004884">
          <error type="Error">RafflesArgentina\RestfulController\RestfulControllerTest::testShowRoute
Error: Class 'Orchestra\Database\ConsoleServiceProvider' not found

/Users/mpatronelli/Desarrollo/l8-restful-controller/vendor/laravel/framework/src/Illuminate/Foundation/ProviderRepository.php:208
/Users/mpatronelli/Desarrollo/l8-restful-controller/vendor/laravel/framework/src/Illuminate/Foundation/ProviderRepository.php:144
/Users/mpatronelli/Desarrollo/l8-restful-controller/vendor/laravel/framework/src/Illuminate/Foundation/ProviderRepository.php:61
/Users/mpatronelli/Desarrollo/l8-restful-controller/vendor/laravel/framework/src/Illuminate/Foundation/Application.php:604
/Users/mpatronelli/Desarrollo/l8-restful-controller/vendor/laravel/framework/src/Illuminate/Foundation/Bootstrap/RegisterProviders.php:17
/Users/mpatronelli/Desarrollo/l8-restful-controller/vendor/orchestra/testbench-core/src/Concerns/CreatesApplication.php:319
/Users/mpatronelli/Desarrollo/l8-restful-controller/vendor/orchestra/testbench-core/src/Concerns/CreatesApplication.php:213
/Users/mpatronelli/Desarrollo/l8-restful-controller/vendor/orchestra/testbench-core/src/TestCase.php:75
/Users/mpatronelli/Desarrollo/l8-restful-controller/vendor/orchestra/testbench-core/src/Concerns/Testing.php:78
/Users/mpatronelli/Desarrollo/l8-restful-controller/vendor/orchestra/testbench-core/src/TestCase.php:43
/Users/mpatronelli/Desarrollo/l8-restful-controller/tests/BaseTest.php:12</error>
        </testcase>
        <testcase name="testShowRouteWithUseSoftDeletes" class="RafflesArgentina\RestfulController\RestfulControllerTest" classname="RafflesArgentina.RestfulController.RestfulControllerTest" file="/Users/mpatronelli/Desarrollo/l8-restful-controller/tests/ResourceControllerTest.php" line="94" assertions="0" time="0.003539">
          <error type="Error">RafflesArgentina\RestfulController\RestfulControllerTest::testShowRouteWithUseSoftDeletes
Error: Class 'Orchestra\Database\ConsoleServiceProvider' not found

/Users/mpatronelli/Desarrollo/l8-restful-controller/vendor/laravel/framework/src/Illuminate/Foundation/ProviderRepository.php:208
/Users/mpatronelli/Desarrollo/l8-restful-controller/vendor/laravel/framework/src/Illuminate/Foundation/ProviderRepository.php:144
/Users/mpatronelli/Desarrollo/l8-restful-controller/vendor/laravel/framework/src/Illuminate/Foundation/ProviderRepository.php:61
/Users/mpatronelli/Desarrollo/l8-restful-controller/vendor/laravel/framework/src/Illuminate/Foundation/Application.php:604
/Users/mpatronelli/Desarrollo/l8-restful-controller/vendor/laravel/framework/src/Illuminate/Foundation/Bootstrap/RegisterProviders.php:17
/Users/mpatronelli/Desarrollo/l8-restful-controller/vendor/orchestra/testbench-core/src/Concerns/CreatesApplication.php:319
/Users/mpatronelli/Desarrollo/l8-restful-controller/vendor/orchestra/testbench-core/src/Concerns/CreatesApplication.php:213
/Users/mpatronelli/Desarrollo/l8-restful-controller/vendor/orchestra/testbench-core/src/TestCase.php:75
/Users/mpatronelli/Desarrollo/l8-restful-controller/vendor/orchestra/testbench-core/src/Concerns/Testing.php:78
/Users/mpatronelli/Desarrollo/l8-restful-controller/vendor/orchestra/testbench-core/src/TestCase.php:43
/Users/mpatronelli/Desarrollo/l8-restful-controller/tests/BaseTest.php:12</error>
        </testcase>
        <testcase name="testShowRouteWithInexistentModel" class="RafflesArgentina\RestfulController\RestfulControllerTest" classname="RafflesArgentina.RestfulController.RestfulControllerTest" file="/Users/mpatronelli/Desarrollo/l8-restful-controller/tests/ResourceControllerTest.php" line="111" assertions="0" time="0.002956">
          <error type="Error">RafflesArgentina\RestfulController\RestfulControllerTest::testShowRouteWithInexistentModel
Error: Class 'Orchestra\Database\ConsoleServiceProvider' not found

/Users/mpatronelli/Desarrollo/l8-restful-controller/vendor/laravel/framework/src/Illuminate/Foundation/ProviderRepository.php:208
/Users/mpatronelli/Desarrollo/l8-restful-controller/vendor/laravel/framework/src/Illuminate/Foundation/ProviderRepository.php:144
/Users/mpatronelli/Desarrollo/l8-restful-controller/vendor/laravel/framework/src/Illuminate/Foundation/ProviderRepository.php:61
/Users/mpatronelli/Desarrollo/l8-restful-controller/vendor/laravel/framework/src/Illuminate/Foundation/Application.php:604
/Users/mpatronelli/Desarrollo/l8-restful-controller/vendor/laravel/framework/src/Illuminate/Foundation/Bootstrap/RegisterProviders.php:17
/Users/mpatronelli/Desarrollo/l8-restful-controller/vendor/orchestra/testbench-core/src/Concerns/CreatesApplication.php:319
/Users/mpatronelli/Desarrollo/l8-restful-controller/vendor/orchestra/testbench-core/src/Concerns/CreatesApplication.php:213
/Users/mpatronelli/Desarrollo/l8-restful-controller/vendor/orchestra/testbench-core/src/TestCase.php:75
/Users/mpatronelli/Desarrollo/l8-restful-controller/vendor/orchestra/testbench-core/src/Concerns/Testing.php:78
/Users/mpatronelli/Desarrollo/l8-restful-controller/vendor/orchestra/testbench-core/src/TestCase.php:43
/Users/mpatronelli/Desarrollo/l8-restful-controller/tests/BaseTest.php:12</error>
        </testcase>
        <testcase name="testEditRoute" class="RafflesArgentina\RestfulController\RestfulControllerTest" classname="RafflesArgentina.RestfulController.RestfulControllerTest" file="/Users/mpatronelli/Desarrollo/l8-restful-controller/tests/ResourceControllerTest.php" line="121" assertions="0" time="0.004227">
          <error type="Error">RafflesArgentina\RestfulController\RestfulControllerTest::testEditRoute
Error: Class 'Orchestra\Database\ConsoleServiceProvider' not found

/Users/mpatronelli/Desarrollo/l8-restful-controller/vendor/laravel/framework/src/Illuminate/Foundation/ProviderRepository.php:208
/Users/mpatronelli/Desarrollo/l8-restful-controller/vendor/laravel/framework/src/Illuminate/Foundation/ProviderRepository.php:144
/Users/mpatronelli/Desarrollo/l8-restful-controller/vendor/laravel/framework/src/Illuminate/Foundation/ProviderRepository.php:61
/Users/mpatronelli/Desarrollo/l8-restful-controller/vendor/laravel/framework/src/Illuminate/Foundation/Application.php:604
/Users/mpatronelli/Desarrollo/l8-restful-controller/vendor/laravel/framework/src/Illuminate/Foundation/Bootstrap/RegisterProviders.php:17
/Users/mpatronelli/Desarrollo/l8-restful-controller/vendor/orchestra/testbench-core/src/Concerns/CreatesApplication.php:319
/Users/mpatronelli/Desarrollo/l8-restful-controller/vendor/orchestra/testbench-core/src/Concerns/CreatesApplication.php:213
/Users/mpatronelli/Desarrollo/l8-restful-controller/vendor/orchestra/testbench-core/src/TestCase.php:75
/Users/mpatronelli/Desarrollo/l8-restful-controller/vendor/orchestra/testbench-core/src/Concerns/Testing.php:78
/Users/mpatronelli/Desarrollo/l8-restful-controller/vendor/orchestra/testbench-core/src/TestCase.php:43
/Users/mpatronelli/Desarrollo/l8-restful-controller/tests/BaseTest.php:12</error>
        </testcase>
        <testcase name="testEditRouteWithUseSoftDeletes" class="RafflesArgentina\RestfulController\RestfulControllerTest" classname="RafflesArgentina.RestfulController.RestfulControllerTest" file="/Users/mpatronelli/Desarrollo/l8-restful-controller/tests/ResourceControllerTest.php" line="137" assertions="0" time="0.004290">
          <error type="Error">RafflesArgentina\RestfulController\RestfulControllerTest::testEditRouteWithUseSoftDeletes
Error: Class 'Orchestra\Database\ConsoleServiceProvider' not found

/Users/mpatronelli/Desarrollo/l8-restful-controller/vendor/laravel/framework/src/Illuminate/Foundation/ProviderRepository.php:208
/Users/mpatronelli/Desarrollo/l8-restful-controller/vendor/laravel/framework/src/Illuminate/Foundation/ProviderRepository.php:144
/Users/mpatronelli/Desarrollo/l8-restful-controller/vendor/laravel/framework/src/Illuminate/Foundation/ProviderRepository.php:61
/Users/mpatronelli/Desarrollo/l8-restful-controller/vendor/laravel/framework/src/Illuminate/Foundation/Application.php:604
/Users/mpatronelli/Desarrollo/l8-restful-controller/vendor/laravel/framework/src/Illuminate/Foundation/Bootstrap/RegisterProviders.php:17
/Users/mpatronelli/Desarrollo/l8-restful-controller/vendor/orchestra/testbench-core/src/Concerns/CreatesApplication.php:319
/Users/mpatronelli/Desarrollo/l8-restful-controller/vendor/orchestra/testbench-core/src/Concerns/CreatesApplication.php:213
/Users/mpatronelli/Desarrollo/l8-restful-controller/vendor/orchestra/testbench-core/src/TestCase.php:75
/Users/mpatronelli/Desarrollo/l8-restful-controller/vendor/orchestra/testbench-core/src/Concerns/Testing.php:78
/Users/mpatronelli/Desarrollo/l8-restful-controller/vendor/orchestra/testbench-core/src/TestCase.php:43
/Users/mpatronelli/Desarrollo/l8-restful-controller/tests/BaseTest.php:12</error>
        </testcase>
        <testcase name="testEditRouteWithInexistentModel" class="RafflesArgentina\RestfulController\RestfulControllerTest" classname="RafflesArgentina.RestfulController.RestfulControllerTest" file="/Users/mpatronelli/Desarrollo/l8-restful-controller/tests/ResourceControllerTest.php" line="154" assertions="0" time="0.003743">
          <error type="Error">RafflesArgentina\RestfulController\RestfulControllerTest::testEditRouteWithInexistentModel
Error: Class 'Orchestra\Database\ConsoleServiceProvider' not found

/Users/mpatronelli/Desarrollo/l8-restful-controller/vendor/laravel/framework/src/Illuminate/Foundation/ProviderRepository.php:208
/Users/mpatronelli/Desarrollo/l8-restful-controller/vendor/laravel/framework/src/Illuminate/Foundation/ProviderRepository.php:144
/Users/mpatronelli/Desarrollo/l8-restful-controller/vendor/laravel/framework/src/Illuminate/Foundation/ProviderRepository.php:61
/Users/mpatronelli/Desarrollo/l8-restful-controller/vendor/laravel/framework/src/Illuminate/Foundation/Application.php:604
/Users/mpatronelli/Desarrollo/l8-restful-controller/vendor/laravel/framework/src/Illuminate/Foundation/Bootstrap/RegisterProviders.php:17
/Users/mpatronelli/Desarrollo/l8-restful-controller/vendor/orchestra/testbench-core/src/Concerns/CreatesApplication.php:319
/Users/mpatronelli/Desarrollo/l8-restful-controller/vendor/orchestra/testbench-core/src/Concerns/CreatesApplication.php:213
/Users/mpatronelli/Desarrollo/l8-restful-controller/vendor/orchestra/testbench-core/src/TestCase.php:75
/Users/mpatronelli/Desarrollo/l8-restful-controller/vendor/orchestra/testbench-core/src/Concerns/Testing.php:78
/Users/mpatronelli/Desarrollo/l8-restful-controller/vendor/orchestra/testbench-core/src/TestCase.php:43
/Users/mpatronelli/Desarrollo/l8-restful-controller/tests/BaseTest.php:12</error>
        </testcase>
        <testcase name="testUpdateRoute" class="RafflesArgentina\RestfulController\RestfulControllerTest" classname="RafflesArgentina.RestfulController.RestfulControllerTest" file="/Users/mpatronelli/Desarrollo/l8-restful-controller/tests/ResourceControllerTest.php" line="164" assertions="0" time="0.004258">
          <error type="Error">RafflesArgentina\RestfulController\RestfulControllerTest::testUpdateRoute
Error: Class 'Orchestra\Database\ConsoleServiceProvider' not found

/Users/mpatronelli/Desarrollo/l8-restful-controller/vendor/laravel/framework/src/Illuminate/Foundation/ProviderRepository.php:208
/Users/mpatronelli/Desarrollo/l8-restful-controller/vendor/laravel/framework/src/Illuminate/Foundation/ProviderRepository.php:144
/Users/mpatronelli/Desarrollo/l8-restful-controller/vendor/laravel/framework/src/Illuminate/Foundation/ProviderRepository.php:61
/Users/mpatronelli/Desarrollo/l8-restful-controller/vendor/laravel/framework/src/Illuminate/Foundation/Application.php:604
/Users/mpatronelli/Desarrollo/l8-restful-controller/vendor/laravel/framework/src/Illuminate/Foundation/Bootstrap/RegisterProviders.php:17
/Users/mpatronelli/Desarrollo/l8-restful-controller/vendor/orchestra/testbench-core/src/Concerns/CreatesApplication.php:319
/Users/mpatronelli/Desarrollo/l8-restful-controller/vendor/orchestra/testbench-core/src/Concerns/CreatesApplication.php:213
/Users/mpatronelli/Desarrollo/l8-restful-controller/vendor/orchestra/testbench-core/src/TestCase.php:75
/Users/mpatronelli/Desarrollo/l8-restful-controller/vendor/orchestra/testbench-core/src/Concerns/Testing.php:78
/Users/mpatronelli/Desarrollo/l8-restful-controller/vendor/orchestra/testbench-core/src/TestCase.php:43
/Users/mpatronelli/Desarrollo/l8-restful-controller/tests/BaseTest.php:12</error>
        </testcase>
        <testcase name="testUpdateRouteWithUseSoftDeletes" class="RafflesArgentina\RestfulController\RestfulControllerTest" classname="RafflesArgentina.RestfulController.RestfulControllerTest" file="/Users/mpatronelli/Desarrollo/l8-restful-controller/tests/ResourceControllerTest.php" line="180" assertions="0" time="0.004718">
          <error type="Error">RafflesArgentina\RestfulController\RestfulControllerTest::testUpdateRouteWithUseSoftDeletes
Error: Class 'Orchestra\Database\ConsoleServiceProvider' not found

/Users/mpatronelli/Desarrollo/l8-restful-controller/vendor/laravel/framework/src/Illuminate/Foundation/ProviderRepository.php:208
/Users/mpatronelli/Desarrollo/l8-restful-controller/vendor/laravel/framework/src/Illuminate/Foundation/ProviderRepository.php:144
/Users/mpatronelli/Desarrollo/l8-restful-controller/vendor/laravel/framework/src/Illuminate/Foundation/ProviderRepository.php:61
/Users/mpatronelli/Desarrollo/l8-restful-controller/vendor/laravel/framework/src/Illuminate/Foundation/Application.php:604
/Users/mpatronelli/Desarrollo/l8-restful-controller/vendor/laravel/framework/src/Illuminate/Foundation/Bootstrap/RegisterProviders.php:17
/Users/mpatronelli/Desarrollo/l8-restful-controller/vendor/orchestra/testbench-core/src/Concerns/CreatesApplication.php:319
/Users/mpatronelli/Desarrollo/l8-restful-controller/vendor/orchestra/testbench-core/src/Concerns/CreatesApplication.php:213
/Users/mpatronelli/Desarrollo/l8-restful-controller/vendor/orchestra/testbench-core/src/TestCase.php:75
/Users/mpatronelli/Desarrollo/l8-restful-controller/vendor/orchestra/testbench-core/src/Concerns/Testing.php:78
/Users/mpatronelli/Desarrollo/l8-restful-controller/vendor/orchestra/testbench-core/src/TestCase.php:43
/Users/mpatronelli/Desarrollo/l8-restful-controller/tests/BaseTest.php:12</error>
        </testcase>
        <testcase name="testUpdateRouteWithInexistentModel" class="RafflesArgentina\RestfulController\RestfulControllerTest" classname="RafflesArgentina.RestfulController.RestfulControllerTest" file="/Users/mpatronelli/Desarrollo/l8-restful-controller/tests/ResourceControllerTest.php" line="197" assertions="0" time="0.003180">
          <error type="Error">RafflesArgentina\RestfulController\RestfulControllerTest::testUpdateRouteWithInexistentModel
Error: Class 'Orchestra\Database\ConsoleServiceProvider' not found

/Users/mpatronelli/Desarrollo/l8-restful-controller/vendor/laravel/framework/src/Illuminate/Foundation/ProviderRepository.php:208
/Users/mpatronelli/Desarrollo/l8-restful-controller/vendor/laravel/framework/src/Illuminate/Foundation/ProviderRepository.php:144
/Users/mpatronelli/Desarrollo/l8-restful-controller/vendor/laravel/framework/src/Illuminate/Foundation/ProviderRepository.php:61
/Users/mpatronelli/Desarrollo/l8-restful-controller/vendor/laravel/framework/src/Illuminate/Foundation/Application.php:604
/Users/mpatronelli/Desarrollo/l8-restful-controller/vendor/laravel/framework/src/Illuminate/Foundation/Bootstrap/RegisterProviders.php:17
/Users/mpatronelli/Desarrollo/l8-restful-controller/vendor/orchestra/testbench-core/src/Concerns/CreatesApplication.php:319
/Users/mpatronelli/Desarrollo/l8-restful-controller/vendor/orchestra/testbench-core/src/Concerns/CreatesApplication.php:213
/Users/mpatronelli/Desarrollo/l8-restful-controller/vendor/orchestra/testbench-core/src/TestCase.php:75
/Users/mpatronelli/Desarrollo/l8-restful-controller/vendor/orchestra/testbench-core/src/Concerns/Testing.php:78
/Users/mpatronelli/Desarrollo/l8-restful-controller/vendor/orchestra/testbench-core/src/TestCase.php:43
/Users/mpatronelli/Desarrollo/l8-restful-controller/tests/BaseTest.php:12</error>
        </testcase>
        <testcase name="testDestroyRoute" class="RafflesArgentina\RestfulController\RestfulControllerTest" classname="RafflesArgentina.RestfulController.RestfulControllerTest" file="/Users/mpatronelli/Desarrollo/l8-restful-controller/tests/ResourceControllerTest.php" line="207" assertions="0" time="0.003044">
          <error type="Error">RafflesArgentina\RestfulController\RestfulControllerTest::testDestroyRoute
Error: Class 'Orchestra\Database\ConsoleServiceProvider' not found

/Users/mpatronelli/Desarrollo/l8-restful-controller/vendor/laravel/framework/src/Illuminate/Foundation/ProviderRepository.php:208
/Users/mpatronelli/Desarrollo/l8-restful-controller/vendor/laravel/framework/src/Illuminate/Foundation/ProviderRepository.php:144
/Users/mpatronelli/Desarrollo/l8-restful-controller/vendor/laravel/framework/src/Illuminate/Foundation/ProviderRepository.php:61
/Users/mpatronelli/Desarrollo/l8-restful-controller/vendor/laravel/framework/src/Illuminate/Foundation/Application.php:604
/Users/mpatronelli/Desarrollo/l8-restful-controller/vendor/laravel/framework/src/Illuminate/Foundation/Bootstrap/RegisterProviders.php:17
/Users/mpatronelli/Desarrollo/l8-restful-controller/vendor/orchestra/testbench-core/src/Concerns/CreatesApplication.php:319
/Users/mpatronelli/Desarrollo/l8-restful-controller/vendor/orchestra/testbench-core/src/Concerns/CreatesApplication.php:213
/Users/mpatronelli/Desarrollo/l8-restful-controller/vendor/orchestra/testbench-core/src/TestCase.php:75
/Users/mpatronelli/Desarrollo/l8-restful-controller/vendor/orchestra/testbench-core/src/Concerns/Testing.php:78
/Users/mpatronelli/Desarrollo/l8-restful-controller/vendor/orchestra/testbench-core/src/TestCase.php:43
/Users/mpatronelli/Desarrollo/l8-restful-controller/tests/BaseTest.php:12</error>
        </testcase>
        <testcase name="testDestroyRouteWithUseSoftDeletes" class="RafflesArgentina\RestfulController\RestfulControllerTest" classname="RafflesArgentina.RestfulController.RestfulControllerTest" file="/Users/mpatronelli/Desarrollo/l8-restful-controller/tests/ResourceControllerTest.php" line="222" assertions="0" time="0.004414">
          <error type="Error">RafflesArgentina\RestfulController\RestfulControllerTest::testDestroyRouteWithUseSoftDeletes
Error: Class 'Orchestra\Database\ConsoleServiceProvider' not found

/Users/mpatronelli/Desarrollo/l8-restful-controller/vendor/laravel/framework/src/Illuminate/Foundation/ProviderRepository.php:208
/Users/mpatronelli/Desarrollo/l8-restful-controller/vendor/laravel/framework/src/Illuminate/Foundation/ProviderRepository.php:144
/Users/mpatronelli/Desarrollo/l8-restful-controller/vendor/laravel/framework/src/Illuminate/Foundation/ProviderRepository.php:61
/Users/mpatronelli/Desarrollo/l8-restful-controller/vendor/laravel/framework/src/Illuminate/Foundation/Application.php:604
/Users/mpatronelli/Desarrollo/l8-restful-controller/vendor/laravel/framework/src/Illuminate/Foundation/Bootstrap/RegisterProviders.php:17
/Users/mpatronelli/Desarrollo/l8-restful-controller/vendor/orchestra/testbench-core/src/Concerns/CreatesApplication.php:319
/Users/mpatronelli/Desarrollo/l8-restful-controller/vendor/orchestra/testbench-core/src/Concerns/CreatesApplication.php:213
/Users/mpatronelli/Desarrollo/l8-restful-controller/vendor/orchestra/testbench-core/src/TestCase.php:75
/Users/mpatronelli/Desarrollo/l8-restful-controller/vendor/orchestra/testbench-core/src/Concerns/Testing.php:78
/Users/mpatronelli/Desarrollo/l8-restful-controller/vendor/orchestra/testbench-core/src/TestCase.php:43
/Users/mpatronelli/Desarrollo/l8-restful-controller/tests/BaseTest.php:12</error>
        </testcase>
        <testcase name="testDestroyRouteWithInexistentModel" class="RafflesArgentina\RestfulController\RestfulControllerTest" classname="RafflesArgentina.RestfulController.RestfulControllerTest" file="/Users/mpatronelli/Desarrollo/l8-restful-controller/tests/ResourceControllerTest.php" line="238" assertions="0" time="0.005051">
          <error type="Error">RafflesArgentina\RestfulController\RestfulControllerTest::testDestroyRouteWithInexistentModel
Error: Class 'Orchestra\Database\ConsoleServiceProvider' not found

/Users/mpatronelli/Desarrollo/l8-restful-controller/vendor/laravel/framework/src/Illuminate/Foundation/ProviderRepository.php:208
/Users/mpatronelli/Desarrollo/l8-restful-controller/vendor/laravel/framework/src/Illuminate/Foundation/ProviderRepository.php:144
/Users/mpatronelli/Desarrollo/l8-restful-controller/vendor/laravel/framework/src/Illuminate/Foundation/ProviderRepository.php:61
/Users/mpatronelli/Desarrollo/l8-restful-controller/vendor/laravel/framework/src/Illuminate/Foundation/Application.php:604
/Users/mpatronelli/Desarrollo/l8-restful-controller/vendor/laravel/framework/src/Illuminate/Foundation/Bootstrap/RegisterProviders.php:17
/Users/mpatronelli/Desarrollo/l8-restful-controller/vendor/orchestra/testbench-core/src/Concerns/CreatesApplication.php:319
/Users/mpatronelli/Desarrollo/l8-restful-controller/vendor/orchestra/testbench-core/src/Concerns/CreatesApplication.php:213
/Users/mpatronelli/Desarrollo/l8-restful-controller/vendor/orchestra/testbench-core/src/TestCase.php:75
/Users/mpatronelli/Desarrollo/l8-restful-controller/vendor/orchestra/testbench-core/src/Concerns/Testing.php:78
/Users/mpatronelli/Desarrollo/l8-restful-controller/vendor/orchestra/testbench-core/src/TestCase.php:43
/Users/mpatronelli/Desarrollo/l8-restful-controller/tests/BaseTest.php:12</error>
        </testcase>
      </testsuite>
      <testsuite name="RafflesArgentina\RestfulController\WorksWithFileUploadsTest" file="/Users/mpatronelli/Desarrollo/l8-restful-controller/tests/WorksWithFileUploadsTest.php" tests="16" assertions="0" errors="16" warnings="0" failures="0" skipped="0" time="0.067462">
        <testcase name="testPostNonMultipleFileUpload" class="RafflesArgentina\RestfulController\WorksWithFileUploadsTest" classname="RafflesArgentina.RestfulController.WorksWithFileUploadsTest" file="/Users/mpatronelli/Desarrollo/l8-restful-controller/tests/WorksWithFileUploadsTest.php" line="17" assertions="0" time="0.003134">
          <error type="Error">RafflesArgentina\RestfulController\WorksWithFileUploadsTest::testPostNonMultipleFileUpload
Error: Class 'Orchestra\Database\ConsoleServiceProvider' not found

/Users/mpatronelli/Desarrollo/l8-restful-controller/vendor/laravel/framework/src/Illuminate/Foundation/ProviderRepository.php:208
/Users/mpatronelli/Desarrollo/l8-restful-controller/vendor/laravel/framework/src/Illuminate/Foundation/ProviderRepository.php:144
/Users/mpatronelli/Desarrollo/l8-restful-controller/vendor/laravel/framework/src/Illuminate/Foundation/ProviderRepository.php:61
/Users/mpatronelli/Desarrollo/l8-restful-controller/vendor/laravel/framework/src/Illuminate/Foundation/Application.php:604
/Users/mpatronelli/Desarrollo/l8-restful-controller/vendor/laravel/framework/src/Illuminate/Foundation/Bootstrap/RegisterProviders.php:17
/Users/mpatronelli/Desarrollo/l8-restful-controller/vendor/orchestra/testbench-core/src/Concerns/CreatesApplication.php:319
/Users/mpatronelli/Desarrollo/l8-restful-controller/vendor/orchestra/testbench-core/src/Concerns/CreatesApplication.php:213
/Users/mpatronelli/Desarrollo/l8-restful-controller/vendor/orchestra/testbench-core/src/TestCase.php:75
/Users/mpatronelli/Desarrollo/l8-restful-controller/vendor/orchestra/testbench-core/src/Concerns/Testing.php:78
/Users/mpatronelli/Desarrollo/l8-restful-controller/vendor/orchestra/testbench-core/src/TestCase.php:43
/Users/mpatronelli/Desarrollo/l8-restful-controller/tests/BaseTest.php:12</error>
        </testcase>
        <testcase name="testPostHasOneFileUpload" class="RafflesArgentina\RestfulController\WorksWithFileUploadsTest" classname="RafflesArgentina.RestfulController.WorksWithFileUploadsTest" file="/Users/mpatronelli/Desarrollo/l8-restful-controller/tests/WorksWithFileUploadsTest.php" line="38" assertions="0" time="0.004762">
          <error type="Error">RafflesArgentina\RestfulController\WorksWithFileUploadsTest::testPostHasOneFileUpload
Error: Class 'Orchestra\Database\ConsoleServiceProvider' not found

/Users/mpatronelli/Desarrollo/l8-restful-controller/vendor/laravel/framework/src/Illuminate/Foundation/ProviderRepository.php:208
/Users/mpatronelli/Desarrollo/l8-restful-controller/vendor/laravel/framework/src/Illuminate/Foundation/ProviderRepository.php:144
/Users/mpatronelli/Desarrollo/l8-restful-controller/vendor/laravel/framework/src/Illuminate/Foundation/ProviderRepository.php:61
/Users/mpatronelli/Desarrollo/l8-restful-controller/vendor/laravel/framework/src/Illuminate/Foundation/Application.php:604
/Users/mpatronelli/Desarrollo/l8-restful-controller/vendor/laravel/framework/src/Illuminate/Foundation/Bootstrap/RegisterProviders.php:17
/Users/mpatronelli/Desarrollo/l8-restful-controller/vendor/orchestra/testbench-core/src/Concerns/CreatesApplication.php:319
/Users/mpatronelli/Desarrollo/l8-restful-controller/vendor/orchestra/testbench-core/src/Concerns/CreatesApplication.php:213
/Users/mpatronelli/Desarrollo/l8-restful-controller/vendor/orchestra/testbench-core/src/TestCase.php:75
/Users/mpatronelli/Desarrollo/l8-restful-controller/vendor/orchestra/testbench-core/src/Concerns/Testing.php:78
/Users/mpatronelli/Desarrollo/l8-restful-controller/vendor/orchestra/testbench-core/src/TestCase.php:43
/Users/mpatronelli/Desarrollo/l8-restful-controller/tests/BaseTest.php:12</error>
        </testcase>
        <testcase name="testPostMorphOneFileUpload" class="RafflesArgentina\RestfulController\WorksWithFileUploadsTest" classname="RafflesArgentina.RestfulController.WorksWithFileUploadsTest" file="/Users/mpatronelli/Desarrollo/l8-restful-controller/tests/WorksWithFileUploadsTest.php" line="61" assertions="0" time="0.003270">
          <error type="Error">RafflesArgentina\RestfulController\WorksWithFileUploadsTest::testPostMorphOneFileUpload
Error: Class 'Orchestra\Database\ConsoleServiceProvider' not found

/Users/mpatronelli/Desarrollo/l8-restful-controller/vendor/laravel/framework/src/Illuminate/Foundation/ProviderRepository.php:208
/Users/mpatronelli/Desarrollo/l8-restful-controller/vendor/laravel/framework/src/Illuminate/Foundation/ProviderRepository.php:144
/Users/mpatronelli/Desarrollo/l8-restful-controller/vendor/laravel/framework/src/Illuminate/Foundation/ProviderRepository.php:61
/Users/mpatronelli/Desarrollo/l8-restful-controller/vendor/laravel/framework/src/Illuminate/Foundation/Application.php:604
/Users/mpatronelli/Desarrollo/l8-restful-controller/vendor/laravel/framework/src/Illuminate/Foundation/Bootstrap/RegisterProviders.php:17
/Users/mpatronelli/Desarrollo/l8-restful-controller/vendor/orchestra/testbench-core/src/Concerns/CreatesApplication.php:319
/Users/mpatronelli/Desarrollo/l8-restful-controller/vendor/orchestra/testbench-core/src/Concerns/CreatesApplication.php:213
/Users/mpatronelli/Desarrollo/l8-restful-controller/vendor/orchestra/testbench-core/src/TestCase.php:75
/Users/mpatronelli/Desarrollo/l8-restful-controller/vendor/orchestra/testbench-core/src/Concerns/Testing.php:78
/Users/mpatronelli/Desarrollo/l8-restful-controller/vendor/orchestra/testbench-core/src/TestCase.php:43
/Users/mpatronelli/Desarrollo/l8-restful-controller/tests/BaseTest.php:12</error>
        </testcase>
        <testcase name="testPostBelongsToFileUpload" class="RafflesArgentina\RestfulController\WorksWithFileUploadsTest" classname="RafflesArgentina.RestfulController.WorksWithFileUploadsTest" file="/Users/mpatronelli/Desarrollo/l8-restful-controller/tests/WorksWithFileUploadsTest.php" line="84" assertions="0" time="0.003277">
          <error type="Error">RafflesArgentina\RestfulController\WorksWithFileUploadsTest::testPostBelongsToFileUpload
Error: Class 'Orchestra\Database\ConsoleServiceProvider' not found

/Users/mpatronelli/Desarrollo/l8-restful-controller/vendor/laravel/framework/src/Illuminate/Foundation/ProviderRepository.php:208
/Users/mpatronelli/Desarrollo/l8-restful-controller/vendor/laravel/framework/src/Illuminate/Foundation/ProviderRepository.php:144
/Users/mpatronelli/Desarrollo/l8-restful-controller/vendor/laravel/framework/src/Illuminate/Foundation/ProviderRepository.php:61
/Users/mpatronelli/Desarrollo/l8-restful-controller/vendor/laravel/framework/src/Illuminate/Foundation/Application.php:604
/Users/mpatronelli/Desarrollo/l8-restful-controller/vendor/laravel/framework/src/Illuminate/Foundation/Bootstrap/RegisterProviders.php:17
/Users/mpatronelli/Desarrollo/l8-restful-controller/vendor/orchestra/testbench-core/src/Concerns/CreatesApplication.php:319
/Users/mpatronelli/Desarrollo/l8-restful-controller/vendor/orchestra/testbench-core/src/Concerns/CreatesApplication.php:213
/Users/mpatronelli/Desarrollo/l8-restful-controller/vendor/orchestra/testbench-core/src/TestCase.php:75
/Users/mpatronelli/Desarrollo/l8-restful-controller/vendor/orchestra/testbench-core/src/Concerns/Testing.php:78
/Users/mpatronelli/Desarrollo/l8-restful-controller/vendor/orchestra/testbench-core/src/TestCase.php:43
/Users/mpatronelli/Desarrollo/l8-restful-controller/tests/BaseTest.php:12</error>
        </testcase>
        <testcase name="testPostHasManyFileUploads" class="RafflesArgentina\RestfulController\WorksWithFileUploadsTest" classname="RafflesArgentina.RestfulController.WorksWithFileUploadsTest" file="/Users/mpatronelli/Desarrollo/l8-restful-controller/tests/WorksWithFileUploadsTest.php" line="109" assertions="0" time="0.006297">
          <error type="Error">RafflesArgentina\RestfulController\WorksWithFileUploadsTest::testPostHasManyFileUploads
Error: Class 'Orchestra\Database\ConsoleServiceProvider' not found

/Users/mpatronelli/Desarrollo/l8-restful-controller/vendor/laravel/framework/src/Illuminate/Foundation/ProviderRepository.php:208
/Users/mpatronelli/Desarrollo/l8-restful-controller/vendor/laravel/framework/src/Illuminate/Foundation/ProviderRepository.php:144
/Users/mpatronelli/Desarrollo/l8-restful-controller/vendor/laravel/framework/src/Illuminate/Foundation/ProviderRepository.php:61
/Users/mpatronelli/Desarrollo/l8-restful-controller/vendor/laravel/framework/src/Illuminate/Foundation/Application.php:604
/Users/mpatronelli/Desarrollo/l8-restful-controller/vendor/laravel/framework/src/Illuminate/Foundation/Bootstrap/RegisterProviders.php:17
/Users/mpatronelli/Desarrollo/l8-restful-controller/vendor/orchestra/testbench-core/src/Concerns/CreatesApplication.php:319
/Users/mpatronelli/Desarrollo/l8-restful-controller/vendor/orchestra/testbench-core/src/Concerns/CreatesApplication.php:213
/Users/mpatronelli/Desarrollo/l8-restful-controller/vendor/orchestra/testbench-core/src/TestCase.php:75
/Users/mpatronelli/Desarrollo/l8-restful-controller/vendor/orchestra/testbench-core/src/Concerns/Testing.php:78
/Users/mpatronelli/Desarrollo/l8-restful-controller/vendor/orchestra/testbench-core/src/TestCase.php:43
/Users/mpatronelli/Desarrollo/l8-restful-controller/tests/BaseTest.php:12</error>
        </testcase>
        <testcase name="testPostMorphManyFileUploads" class="RafflesArgentina\RestfulController\WorksWithFileUploadsTest" classname="RafflesArgentina.RestfulController.WorksWithFileUploadsTest" file="/Users/mpatronelli/Desarrollo/l8-restful-controller/tests/WorksWithFileUploadsTest.php" line="133" assertions="0" time="0.003449">
          <error type="Error">RafflesArgentina\RestfulController\WorksWithFileUploadsTest::testPostMorphManyFileUploads
Error: Class 'Orchestra\Database\ConsoleServiceProvider' not found

/Users/mpatronelli/Desarrollo/l8-restful-controller/vendor/laravel/framework/src/Illuminate/Foundation/ProviderRepository.php:208
/Users/mpatronelli/Desarrollo/l8-restful-controller/vendor/laravel/framework/src/Illuminate/Foundation/ProviderRepository.php:144
/Users/mpatronelli/Desarrollo/l8-restful-controller/vendor/laravel/framework/src/Illuminate/Foundation/ProviderRepository.php:61
/Users/mpatronelli/Desarrollo/l8-restful-controller/vendor/laravel/framework/src/Illuminate/Foundation/Application.php:604
/Users/mpatronelli/Desarrollo/l8-restful-controller/vendor/laravel/framework/src/Illuminate/Foundation/Bootstrap/RegisterProviders.php:17
/Users/mpatronelli/Desarrollo/l8-restful-controller/vendor/orchestra/testbench-core/src/Concerns/CreatesApplication.php:319
/Users/mpatronelli/Desarrollo/l8-restful-controller/vendor/orchestra/testbench-core/src/Concerns/CreatesApplication.php:213
/Users/mpatronelli/Desarrollo/l8-restful-controller/vendor/orchestra/testbench-core/src/TestCase.php:75
/Users/mpatronelli/Desarrollo/l8-restful-controller/vendor/orchestra/testbench-core/src/Concerns/Testing.php:78
/Users/mpatronelli/Desarrollo/l8-restful-controller/vendor/orchestra/testbench-core/src/TestCase.php:43
/Users/mpatronelli/Desarrollo/l8-restful-controller/tests/BaseTest.php:12</error>
        </testcase>
        <testcase name="testPostBelongsToManyFileUploads" class="RafflesArgentina\RestfulController\WorksWithFileUploadsTest" classname="RafflesArgentina.RestfulController.WorksWithFileUploadsTest" file="/Users/mpatronelli/Desarrollo/l8-restful-controller/tests/WorksWithFileUploadsTest.php" line="159" assertions="0" time="0.002897">
          <error type="Error">RafflesArgentina\RestfulController\WorksWithFileUploadsTest::testPostBelongsToManyFileUploads
Error: Class 'Orchestra\Database\ConsoleServiceProvider' not found

/Users/mpatronelli/Desarrollo/l8-restful-controller/vendor/laravel/framework/src/Illuminate/Foundation/ProviderRepository.php:208
/Users/mpatronelli/Desarrollo/l8-restful-controller/vendor/laravel/framework/src/Illuminate/Foundation/ProviderRepository.php:144
/Users/mpatronelli/Desarrollo/l8-restful-controller/vendor/laravel/framework/src/Illuminate/Foundation/ProviderRepository.php:61
/Users/mpatronelli/Desarrollo/l8-restful-controller/vendor/laravel/framework/src/Illuminate/Foundation/Application.php:604
/Users/mpatronelli/Desarrollo/l8-restful-controller/vendor/laravel/framework/src/Illuminate/Foundation/Bootstrap/RegisterProviders.php:17
/Users/mpatronelli/Desarrollo/l8-restful-controller/vendor/orchestra/testbench-core/src/Concerns/CreatesApplication.php:319
/Users/mpatronelli/Desarrollo/l8-restful-controller/vendor/orchestra/testbench-core/src/Concerns/CreatesApplication.php:213
/Users/mpatronelli/Desarrollo/l8-restful-controller/vendor/orchestra/testbench-core/src/TestCase.php:75
/Users/mpatronelli/Desarrollo/l8-restful-controller/vendor/orchestra/testbench-core/src/Concerns/Testing.php:78
/Users/mpatronelli/Desarrollo/l8-restful-controller/vendor/orchestra/testbench-core/src/TestCase.php:43
/Users/mpatronelli/Desarrollo/l8-restful-controller/tests/BaseTest.php:12</error>
        </testcase>
        <testcase name="testPostMorphToManyFileUploads" class="RafflesArgentina\RestfulController\WorksWithFileUploadsTest" classname="RafflesArgentina.RestfulController.WorksWithFileUploadsTest" file="/Users/mpatronelli/Desarrollo/l8-restful-controller/tests/WorksWithFileUploadsTest.php" line="185" assertions="0" time="0.006017">
          <error type="Error">RafflesArgentina\RestfulController\WorksWithFileUploadsTest::testPostMorphToManyFileUploads
Error: Class 'Orchestra\Database\ConsoleServiceProvider' not found

/Users/mpatronelli/Desarrollo/l8-restful-controller/vendor/laravel/framework/src/Illuminate/Foundation/ProviderRepository.php:208
/Users/mpatronelli/Desarrollo/l8-restful-controller/vendor/laravel/framework/src/Illuminate/Foundation/ProviderRepository.php:144
/Users/mpatronelli/Desarrollo/l8-restful-controller/vendor/laravel/framework/src/Illuminate/Foundation/ProviderRepository.php:61
/Users/mpatronelli/Desarrollo/l8-restful-controller/vendor/laravel/framework/src/Illuminate/Foundation/Application.php:604
/Users/mpatronelli/Desarrollo/l8-restful-controller/vendor/laravel/framework/src/Illuminate/Foundation/Bootstrap/RegisterProviders.php:17
/Users/mpatronelli/Desarrollo/l8-restful-controller/vendor/orchestra/testbench-core/src/Concerns/CreatesApplication.php:319
/Users/mpatronelli/Desarrollo/l8-restful-controller/vendor/orchestra/testbench-core/src/Concerns/CreatesApplication.php:213
/Users/mpatronelli/Desarrollo/l8-restful-controller/vendor/orchestra/testbench-core/src/TestCase.php:75
/Users/mpatronelli/Desarrollo/l8-restful-controller/vendor/orchestra/testbench-core/src/Concerns/Testing.php:78
/Users/mpatronelli/Desarrollo/l8-restful-controller/vendor/orchestra/testbench-core/src/TestCase.php:43
/Users/mpatronelli/Desarrollo/l8-restful-controller/tests/BaseTest.php:12</error>
        </testcase>
        <testcase name="testPutNonMultipleFileUpload" class="RafflesArgentina\RestfulController\WorksWithFileUploadsTest" classname="RafflesArgentina.RestfulController.WorksWithFileUploadsTest" file="/Users/mpatronelli/Desarrollo/l8-restful-controller/tests/WorksWithFileUploadsTest.php" line="211" assertions="0" time="0.004897">
          <error type="Error">RafflesArgentina\RestfulController\WorksWithFileUploadsTest::testPutNonMultipleFileUpload
Error: Class 'Orchestra\Database\ConsoleServiceProvider' not found

/Users/mpatronelli/Desarrollo/l8-restful-controller/vendor/laravel/framework/src/Illuminate/Foundation/ProviderRepository.php:208
/Users/mpatronelli/Desarrollo/l8-restful-controller/vendor/laravel/framework/src/Illuminate/Foundation/ProviderRepository.php:144
/Users/mpatronelli/Desarrollo/l8-restful-controller/vendor/laravel/framework/src/Illuminate/Foundation/ProviderRepository.php:61
/Users/mpatronelli/Desarrollo/l8-restful-controller/vendor/laravel/framework/src/Illuminate/Foundation/Application.php:604
/Users/mpatronelli/Desarrollo/l8-restful-controller/vendor/laravel/framework/src/Illuminate/Foundation/Bootstrap/RegisterProviders.php:17
/Users/mpatronelli/Desarrollo/l8-restful-controller/vendor/orchestra/testbench-core/src/Concerns/CreatesApplication.php:319
/Users/mpatronelli/Desarrollo/l8-restful-controller/vendor/orchestra/testbench-core/src/Concerns/CreatesApplication.php:213
/Users/mpatronelli/Desarrollo/l8-restful-controller/vendor/orchestra/testbench-core/src/TestCase.php:75
/Users/mpatronelli/Desarrollo/l8-restful-controller/vendor/orchestra/testbench-core/src/Concerns/Testing.php:78
/Users/mpatronelli/Desarrollo/l8-restful-controller/vendor/orchestra/testbench-core/src/TestCase.php:43
/Users/mpatronelli/Desarrollo/l8-restful-controller/tests/BaseTest.php:12</error>
        </testcase>
        <testcase name="testPutHasOneFileUpload" class="RafflesArgentina\RestfulController\WorksWithFileUploadsTest" classname="RafflesArgentina.RestfulController.WorksWithFileUploadsTest" file="/Users/mpatronelli/Desarrollo/l8-restful-controller/tests/WorksWithFileUploadsTest.php" line="231" assertions="0" time="0.003176">
          <error type="Error">RafflesArgentina\RestfulController\WorksWithFileUploadsTest::testPutHasOneFileUpload
Error: Class 'Orchestra\Database\ConsoleServiceProvider' not found

/Users/mpatronelli/Desarrollo/l8-restful-controller/vendor/laravel/framework/src/Illuminate/Foundation/ProviderRepository.php:208
/Users/mpatronelli/Desarrollo/l8-restful-controller/vendor/laravel/framework/src/Illuminate/Foundation/ProviderRepository.php:144
/Users/mpatronelli/Desarrollo/l8-restful-controller/vendor/laravel/framework/src/Illuminate/Foundation/ProviderRepository.php:61
/Users/mpatronelli/Desarrollo/l8-restful-controller/vendor/laravel/framework/src/Illuminate/Foundation/Application.php:604
/Users/mpatronelli/Desarrollo/l8-restful-controller/vendor/laravel/framework/src/Illuminate/Foundation/Bootstrap/RegisterProviders.php:17
/Users/mpatronelli/Desarrollo/l8-restful-controller/vendor/orchestra/testbench-core/src/Concerns/CreatesApplication.php:319
/Users/mpatronelli/Desarrollo/l8-restful-controller/vendor/orchestra/testbench-core/src/Concerns/CreatesApplication.php:213
/Users/mpatronelli/Desarrollo/l8-restful-controller/vendor/orchestra/testbench-core/src/TestCase.php:75
/Users/mpatronelli/Desarrollo/l8-restful-controller/vendor/orchestra/testbench-core/src/Concerns/Testing.php:78
/Users/mpatronelli/Desarrollo/l8-restful-controller/vendor/orchestra/testbench-core/src/TestCase.php:43
/Users/mpatronelli/Desarrollo/l8-restful-controller/tests/BaseTest.php:12</error>
        </testcase>
        <testcase name="testPutMorphOneFileUpload" class="RafflesArgentina\RestfulController\WorksWithFileUploadsTest" classname="RafflesArgentina.RestfulController.WorksWithFileUploadsTest" file="/Users/mpatronelli/Desarrollo/l8-restful-controller/tests/WorksWithFileUploadsTest.php" line="252" assertions="0" time="0.003502">
          <error type="Error">RafflesArgentina\RestfulController\WorksWithFileUploadsTest::testPutMorphOneFileUpload
Error: Class 'Orchestra\Database\ConsoleServiceProvider' not found

/Users/mpatronelli/Desarrollo/l8-restful-controller/vendor/laravel/framework/src/Illuminate/Foundation/ProviderRepository.php:208
/Users/mpatronelli/Desarrollo/l8-restful-controller/vendor/laravel/framework/src/Illuminate/Foundation/ProviderRepository.php:144
/Users/mpatronelli/Desarrollo/l8-restful-controller/vendor/laravel/framework/src/Illuminate/Foundation/ProviderRepository.php:61
/Users/mpatronelli/Desarrollo/l8-restful-controller/vendor/laravel/framework/src/Illuminate/Foundation/Application.php:604
/Users/mpatronelli/Desarrollo/l8-restful-controller/vendor/laravel/framework/src/Illuminate/Foundation/Bootstrap/RegisterProviders.php:17
/Users/mpatronelli/Desarrollo/l8-restful-controller/vendor/orchestra/testbench-core/src/Concerns/CreatesApplication.php:319
/Users/mpatronelli/Desarrollo/l8-restful-controller/vendor/orchestra/testbench-core/src/Concerns/CreatesApplication.php:213
/Users/mpatronelli/Desarrollo/l8-restful-controller/vendor/orchestra/testbench-core/src/TestCase.php:75
/Users/mpatronelli/Desarrollo/l8-restful-controller/vendor/orchestra/testbench-core/src/Concerns/Testing.php:78
/Users/mpatronelli/Desarrollo/l8-restful-controller/vendor/orchestra/testbench-core/src/TestCase.php:43
/Users/mpatronelli/Desarrollo/l8-restful-controller/tests/BaseTest.php:12</error>
        </testcase>
[...]
          <error type="Error">RafflesArgentina\RestfulController\WorksWithRelationsTest::testStoreMorphToManyExistent
Error: Class 'Orchestra\Database\ConsoleServiceProvider' not found

/Users/mpatronelli/Desarrollo/l8-restful-controller/vendor/laravel/framework/src/Illuminate/Foundation/ProviderRepository.php:208
/Users/mpatronelli/Desarrollo/l8-restful-controller/vendor/laravel/framework/src/Illuminate/Foundation/ProviderRepository.php:144
/Users/mpatronelli/Desarrollo/l8-restful-controller/vendor/laravel/framework/src/Illuminate/Foundation/ProviderRepository.php:61
/Users/mpatronelli/Desarrollo/l8-restful-controller/vendor/laravel/framework/src/Illuminate/Foundation/Application.php:604
/Users/mpatronelli/Desarrollo/l8-restful-controller/vendor/laravel/framework/src/Illuminate/Foundation/Bootstrap/RegisterProviders.php:17
/Users/mpatronelli/Desarrollo/l8-restful-controller/vendor/orchestra/testbench-core/src/Concerns/CreatesApplication.php:319
/Users/mpatronelli/Desarrollo/l8-restful-controller/vendor/orchestra/testbench-core/src/Concerns/CreatesApplication.php:213
/Users/mpatronelli/Desarrollo/l8-restful-controller/vendor/orchestra/testbench-core/src/TestCase.php:75
/Users/mpatronelli/Desarrollo/l8-restful-controller/vendor/orchestra/testbench-core/src/Concerns/Testing.php:78
/Users/mpatronelli/Desarrollo/l8-restful-controller/vendor/orchestra/testbench-core/src/TestCase.php:43
/Users/mpatronelli/Desarrollo/l8-restful-controller/tests/BaseTest.php:12</error>
        </testcase>
        <testcase name="testStoreMorphToManyInexistent" class="RafflesArgentina\RestfulController\WorksWithRelationsTest" classname="RafflesArgentina.RestfulController.WorksWithRelationsTest" file="/Users/mpatronelli/Desarrollo/l8-restful-controller/tests/WorksWithRelationsTest.php" line="456" assertions="0" time="0.003143">
          <error type="Error">RafflesArgentina\RestfulController\WorksWithRelationsTest::testStoreMorphToManyInexistent
Error: Class 'Orchestra\Database\ConsoleServiceProvider' not found

/Users/mpatronelli/Desarrollo/l8-restful-controller/vendor/laravel/framework/src/Illuminate/Foundation/ProviderRepository.php:208
/Users/mpatronelli/Desarrollo/l8-restful-controller/vendor/laravel/framework/src/Illuminate/Foundation/ProviderRepository.php:144
/Users/mpatronelli/Desarrollo/l8-restful-controller/vendor/laravel/framework/src/Illuminate/Foundation/ProviderRepository.php:61
/Users/mpatronelli/Desarrollo/l8-restful-controller/vendor/laravel/framework/src/Illuminate/Foundation/Application.php:604
/Users/mpatronelli/Desarrollo/l8-restful-controller/vendor/laravel/framework/src/Illuminate/Foundation/Bootstrap/RegisterProviders.php:17
/Users/mpatronelli/Desarrollo/l8-restful-controller/vendor/orchestra/testbench-core/src/Concerns/CreatesApplication.php:319
/Users/mpatronelli/Desarrollo/l8-restful-controller/vendor/orchestra/testbench-core/src/Concerns/CreatesApplication.php:213
/Users/mpatronelli/Desarrollo/l8-restful-controller/vendor/orchestra/testbench-core/src/TestCase.php:75
/Users/mpatronelli/Desarrollo/l8-restful-controller/vendor/orchestra/testbench-core/src/Concerns/Testing.php:78
/Users/mpatronelli/Desarrollo/l8-restful-controller/vendor/orchestra/testbench-core/src/TestCase.php:43
/Users/mpatronelli/Desarrollo/l8-restful-controller/tests/BaseTest.php:12</error>
        </testcase>
        <testcase name="testUpdateHasOne" class="RafflesArgentina\RestfulController\WorksWithRelationsTest" classname="RafflesArgentina.RestfulController.WorksWithRelationsTest" file="/Users/mpatronelli/Desarrollo/l8-restful-controller/tests/WorksWithRelationsTest.php" line="517" assertions="0" time="0.003131">
          <error type="Error">RafflesArgentina\RestfulController\WorksWithRelationsTest::testUpdateHasOne
Error: Class 'Orchestra\Database\ConsoleServiceProvider' not found

/Users/mpatronelli/Desarrollo/l8-restful-controller/vendor/laravel/framework/src/Illuminate/Foundation/ProviderRepository.php:208
/Users/mpatronelli/Desarrollo/l8-restful-controller/vendor/laravel/framework/src/Illuminate/Foundation/ProviderRepository.php:144
/Users/mpatronelli/Desarrollo/l8-restful-controller/vendor/laravel/framework/src/Illuminate/Foundation/ProviderRepository.php:61
/Users/mpatronelli/Desarrollo/l8-restful-controller/vendor/laravel/framework/src/Illuminate/Foundation/Application.php:604
/Users/mpatronelli/Desarrollo/l8-restful-controller/vendor/laravel/framework/src/Illuminate/Foundation/Bootstrap/RegisterProviders.php:17
/Users/mpatronelli/Desarrollo/l8-restful-controller/vendor/orchestra/testbench-core/src/Concerns/CreatesApplication.php:319
/Users/mpatronelli/Desarrollo/l8-restful-controller/vendor/orchestra/testbench-core/src/Concerns/CreatesApplication.php:213
/Users/mpatronelli/Desarrollo/l8-restful-controller/vendor/orchestra/testbench-core/src/TestCase.php:75
/Users/mpatronelli/Desarrollo/l8-restful-controller/vendor/orchestra/testbench-core/src/Concerns/Testing.php:78
/Users/mpatronelli/Desarrollo/l8-restful-controller/vendor/orchestra/testbench-core/src/TestCase.php:43
/Users/mpatronelli/Desarrollo/l8-restful-controller/tests/BaseTest.php:12</error>
        </testcase>
        <testcase name="testUpdateMorphOne" class="RafflesArgentina\RestfulController\WorksWithRelationsTest" classname="RafflesArgentina.RestfulController.WorksWithRelationsTest" file="/Users/mpatronelli/Desarrollo/l8-restful-controller/tests/WorksWithRelationsTest.php" line="544" assertions="0" time="0.003248">
          <error type="Error">RafflesArgentina\RestfulController\WorksWithRelationsTest::testUpdateMorphOne
Error: Class 'Orchestra\Database\ConsoleServiceProvider' not found

/Users/mpatronelli/Desarrollo/l8-restful-controller/vendor/laravel/framework/src/Illuminate/Foundation/ProviderRepository.php:208
/Users/mpatronelli/Desarrollo/l8-restful-controller/vendor/laravel/framework/src/Illuminate/Foundation/ProviderRepository.php:144
/Users/mpatronelli/Desarrollo/l8-restful-controller/vendor/laravel/framework/src/Illuminate/Foundation/ProviderRepository.php:61
/Users/mpatronelli/Desarrollo/l8-restful-controller/vendor/laravel/framework/src/Illuminate/Foundation/Application.php:604
/Users/mpatronelli/Desarrollo/l8-restful-controller/vendor/laravel/framework/src/Illuminate/Foundation/Bootstrap/RegisterProviders.php:17
/Users/mpatronelli/Desarrollo/l8-restful-controller/vendor/orchestra/testbench-core/src/Concerns/CreatesApplication.php:319
/Users/mpatronelli/Desarrollo/l8-restful-controller/vendor/orchestra/testbench-core/src/Concerns/CreatesApplication.php:213
/Users/mpatronelli/Desarrollo/l8-restful-controller/vendor/orchestra/testbench-core/src/TestCase.php:75
/Users/mpatronelli/Desarrollo/l8-restful-controller/vendor/orchestra/testbench-core/src/Concerns/Testing.php:78
/Users/mpatronelli/Desarrollo/l8-restful-controller/vendor/orchestra/testbench-core/src/TestCase.php:43
/Users/mpatronelli/Desarrollo/l8-restful-controller/tests/BaseTest.php:12</error>
        </testcase>
        <testcase name="testUpdateBelongsTo" class="RafflesArgentina\RestfulController\WorksWithRelationsTest" classname="RafflesArgentina.RestfulController.WorksWithRelationsTest" file="/Users/mpatronelli/Desarrollo/l8-restful-controller/tests/WorksWithRelationsTest.php" line="571" assertions="0" time="0.006308">
          <error type="Error">RafflesArgentina\RestfulController\WorksWithRelationsTest::testUpdateBelongsTo
Error: Class 'Orchestra\Database\ConsoleServiceProvider' not found

/Users/mpatronelli/Desarrollo/l8-restful-controller/vendor/laravel/framework/src/Illuminate/Foundation/ProviderRepository.php:208
/Users/mpatronelli/Desarrollo/l8-restful-controller/vendor/laravel/framework/src/Illuminate/Foundation/ProviderRepository.php:144
/Users/mpatronelli/Desarrollo/l8-restful-controller/vendor/laravel/framework/src/Illuminate/Foundation/ProviderRepository.php:61
/Users/mpatronelli/Desarrollo/l8-restful-controller/vendor/laravel/framework/src/Illuminate/Foundation/Application.php:604
/Users/mpatronelli/Desarrollo/l8-restful-controller/vendor/laravel/framework/src/Illuminate/Foundation/Bootstrap/RegisterProviders.php:17
/Users/mpatronelli/Desarrollo/l8-restful-controller/vendor/orchestra/testbench-core/src/Concerns/CreatesApplication.php:319
/Users/mpatronelli/Desarrollo/l8-restful-controller/vendor/orchestra/testbench-core/src/Concerns/CreatesApplication.php:213
/Users/mpatronelli/Desarrollo/l8-restful-controller/vendor/orchestra/testbench-core/src/TestCase.php:75
/Users/mpatronelli/Desarrollo/l8-restful-controller/vendor/orchestra/testbench-core/src/Concerns/Testing.php:78
/Users/mpatronelli/Desarrollo/l8-restful-controller/vendor/orchestra/testbench-core/src/TestCase.php:43
/Users/mpatronelli/Desarrollo/l8-restful-controller/tests/BaseTest.php:12</error>
        </testcase>
        <testcase name="testUpdateHasMany" class="RafflesArgentina\RestfulController\WorksWithRelationsTest" classname="RafflesArgentina.RestfulController.WorksWithRelationsTest" file="/Users/mpatronelli/Desarrollo/l8-restful-controller/tests/WorksWithRelationsTest.php" line="600" assertions="0" time="0.007257">
          <error type="Error">RafflesArgentina\RestfulController\WorksWithRelationsTest::testUpdateHasMany
Error: Class 'Orchestra\Database\ConsoleServiceProvider' not found

/Users/mpatronelli/Desarrollo/l8-restful-controller/vendor/laravel/framework/src/Illuminate/Foundation/ProviderRepository.php:208
/Users/mpatronelli/Desarrollo/l8-restful-controller/vendor/laravel/framework/src/Illuminate/Foundation/ProviderRepository.php:144
/Users/mpatronelli/Desarrollo/l8-restful-controller/vendor/laravel/framework/src/Illuminate/Foundation/ProviderRepository.php:61
/Users/mpatronelli/Desarrollo/l8-restful-controller/vendor/laravel/framework/src/Illuminate/Foundation/Application.php:604
/Users/mpatronelli/Desarrollo/l8-restful-controller/vendor/laravel/framework/src/Illuminate/Foundation/Bootstrap/RegisterProviders.php:17
/Users/mpatronelli/Desarrollo/l8-restful-controller/vendor/orchestra/testbench-core/src/Concerns/CreatesApplication.php:319
/Users/mpatronelli/Desarrollo/l8-restful-controller/vendor/orchestra/testbench-core/src/Concerns/CreatesApplication.php:213
/Users/mpatronelli/Desarrollo/l8-restful-controller/vendor/orchestra/testbench-core/src/TestCase.php:75
/Users/mpatronelli/Desarrollo/l8-restful-controller/vendor/orchestra/testbench-core/src/Concerns/Testing.php:78
/Users/mpatronelli/Desarrollo/l8-restful-controller/vendor/orchestra/testbench-core/src/TestCase.php:43
/Users/mpatronelli/Desarrollo/l8-restful-controller/tests/BaseTest.php:12</error>
        </testcase>
        <testcase name="testUpdateMorphMany" class="RafflesArgentina\RestfulController\WorksWithRelationsTest" classname="RafflesArgentina.RestfulController.WorksWithRelationsTest" file="/Users/mpatronelli/Desarrollo/l8-restful-controller/tests/WorksWithRelationsTest.php" line="654" assertions="0" time="0.006082">
          <error type="Error">RafflesArgentina\RestfulController\WorksWithRelationsTest::testUpdateMorphMany
Error: Class 'Orchestra\Database\ConsoleServiceProvider' not found

/Users/mpatronelli/Desarrollo/l8-restful-controller/vendor/laravel/framework/src/Illuminate/Foundation/ProviderRepository.php:208
/Users/mpatronelli/Desarrollo/l8-restful-controller/vendor/laravel/framework/src/Illuminate/Foundation/ProviderRepository.php:144
/Users/mpatronelli/Desarrollo/l8-restful-controller/vendor/laravel/framework/src/Illuminate/Foundation/ProviderRepository.php:61
/Users/mpatronelli/Desarrollo/l8-restful-controller/vendor/laravel/framework/src/Illuminate/Foundation/Application.php:604
/Users/mpatronelli/Desarrollo/l8-restful-controller/vendor/laravel/framework/src/Illuminate/Foundation/Bootstrap/RegisterProviders.php:17
/Users/mpatronelli/Desarrollo/l8-restful-controller/vendor/orchestra/testbench-core/src/Concerns/CreatesApplication.php:319
/Users/mpatronelli/Desarrollo/l8-restful-controller/vendor/orchestra/testbench-core/src/Concerns/CreatesApplication.php:213
/Users/mpatronelli/Desarrollo/l8-restful-controller/vendor/orchestra/testbench-core/src/TestCase.php:75
/Users/mpatronelli/Desarrollo/l8-restful-controller/vendor/orchestra/testbench-core/src/Concerns/Testing.php:78
/Users/mpatronelli/Desarrollo/l8-restful-controller/vendor/orchestra/testbench-core/src/TestCase.php:43
/Users/mpatronelli/Desarrollo/l8-restful-controller/tests/BaseTest.php:12</error>
        </testcase>
        <testcase name="testUpdateBelongsToManyExistent" class="RafflesArgentina\RestfulController\WorksWithRelationsTest" classname="RafflesArgentina.RestfulController.WorksWithRelationsTest" file="/Users/mpatronelli/Desarrollo/l8-restful-controller/tests/WorksWithRelationsTest.php" line="708" assertions="0" time="0.003886">
          <error type="Error">RafflesArgentina\RestfulController\WorksWithRelationsTest::testUpdateBelongsToManyExistent
Error: Class 'Orchestra\Database\ConsoleServiceProvider' not found

/Users/mpatronelli/Desarrollo/l8-restful-controller/vendor/laravel/framework/src/Illuminate/Foundation/ProviderRepository.php:208
/Users/mpatronelli/Desarrollo/l8-restful-controller/vendor/laravel/framework/src/Illuminate/Foundation/ProviderRepository.php:144
/Users/mpatronelli/Desarrollo/l8-restful-controller/vendor/laravel/framework/src/Illuminate/Foundation/ProviderRepository.php:61
/Users/mpatronelli/Desarrollo/l8-restful-controller/vendor/laravel/framework/src/Illuminate/Foundation/Application.php:604
/Users/mpatronelli/Desarrollo/l8-restful-controller/vendor/laravel/framework/src/Illuminate/Foundation/Bootstrap/RegisterProviders.php:17
/Users/mpatronelli/Desarrollo/l8-restful-controller/vendor/orchestra/testbench-core/src/Concerns/CreatesApplication.php:319
/Users/mpatronelli/Desarrollo/l8-restful-controller/vendor/orchestra/testbench-core/src/Concerns/CreatesApplication.php:213
/Users/mpatronelli/Desarrollo/l8-restful-controller/vendor/orchestra/testbench-core/src/TestCase.php:75
/Users/mpatronelli/Desarrollo/l8-restful-controller/vendor/orchestra/testbench-core/src/Concerns/Testing.php:78
/Users/mpatronelli/Desarrollo/l8-restful-controller/vendor/orchestra/testbench-core/src/TestCase.php:43
/Users/mpatronelli/Desarrollo/l8-restful-controller/tests/BaseTest.php:12</error>
        </testcase>
        <testcase name="testUpdateBelongsToManyInexistent" class="RafflesArgentina\RestfulController\WorksWithRelationsTest" classname="RafflesArgentina.RestfulController.WorksWithRelationsTest" file="/Users/mpatronelli/Desarrollo/l8-restful-controller/tests/WorksWithRelationsTest.php" line="781" assertions="0" time="0.003755">
          <error type="Error">RafflesArgentina\RestfulController\WorksWithRelationsTest::testUpdateBelongsToManyInexistent
Error: Class 'Orchestra\Database\ConsoleServiceProvider' not found

/Users/mpatronelli/Desarrollo/l8-restful-controller/vendor/laravel/framework/src/Illuminate/Foundation/ProviderRepository.php:208
/Users/mpatronelli/Desarrollo/l8-restful-controller/vendor/laravel/framework/src/Illuminate/Foundation/ProviderRepository.php:144
/Users/mpatronelli/Desarrollo/l8-restful-controller/vendor/laravel/framework/src/Illuminate/Foundation/ProviderRepository.php:61
/Users/mpatronelli/Desarrollo/l8-restful-controller/vendor/laravel/framework/src/Illuminate/Foundation/Application.php:604
/Users/mpatronelli/Desarrollo/l8-restful-controller/vendor/laravel/framework/src/Illuminate/Foundation/Bootstrap/RegisterProviders.php:17
/Users/mpatronelli/Desarrollo/l8-restful-controller/vendor/orchestra/testbench-core/src/Concerns/CreatesApplication.php:319
/Users/mpatronelli/Desarrollo/l8-restful-controller/vendor/orchestra/testbench-core/src/Concerns/CreatesApplication.php:213
/Users/mpatronelli/Desarrollo/l8-restful-controller/vendor/orchestra/testbench-core/src/TestCase.php:75
/Users/mpatronelli/Desarrollo/l8-restful-controller/vendor/orchestra/testbench-core/src/Concerns/Testing.php:78
/Users/mpatronelli/Desarrollo/l8-restful-controller/vendor/orchestra/testbench-core/src/TestCase.php:43
/Users/mpatronelli/Desarrollo/l8-restful-controller/tests/BaseTest.php:12</error>
        </testcase>
        <testcase name="testUpdateMorphToManyExistent" class="RafflesArgentina\RestfulController\WorksWithRelationsTest" classname="RafflesArgentina.RestfulController.WorksWithRelationsTest" file="/Users/mpatronelli/Desarrollo/l8-restful-controller/tests/WorksWithRelationsTest.php" line="842" assertions="0" time="0.005428">
          <error type="Error">RafflesArgentina\RestfulController\WorksWithRelationsTest::testUpdateMorphToManyExistent
Error: Class 'Orchestra\Database\ConsoleServiceProvider' not found

/Users/mpatronelli/Desarrollo/l8-restful-controller/vendor/laravel/framework/src/Illuminate/Foundation/ProviderRepository.php:208
/Users/mpatronelli/Desarrollo/l8-restful-controller/vendor/laravel/framework/src/Illuminate/Foundation/ProviderRepository.php:144
/Users/mpatronelli/Desarrollo/l8-restful-controller/vendor/laravel/framework/src/Illuminate/Foundation/ProviderRepository.php:61
/Users/mpatronelli/Desarrollo/l8-restful-controller/vendor/laravel/framework/src/Illuminate/Foundation/Application.php:604
/Users/mpatronelli/Desarrollo/l8-restful-controller/vendor/laravel/framework/src/Illuminate/Foundation/Bootstrap/RegisterProviders.php:17
/Users/mpatronelli/Desarrollo/l8-restful-controller/vendor/orchestra/testbench-core/src/Concerns/CreatesApplication.php:319
/Users/mpatronelli/Desarrollo/l8-restful-controller/vendor/orchestra/testbench-core/src/Concerns/CreatesApplication.php:213
/Users/mpatronelli/Desarrollo/l8-restful-controller/vendor/orchestra/testbench-core/src/TestCase.php:75
/Users/mpatronelli/Desarrollo/l8-restful-controller/vendor/orchestra/testbench-core/src/Concerns/Testing.php:78
/Users/mpatronelli/Desarrollo/l8-restful-controller/vendor/orchestra/testbench-core/src/TestCase.php:43
/Users/mpatronelli/Desarrollo/l8-restful-controller/tests/BaseTest.php:12</error>
        </testcase>
        <testcase name="testUpdateMorphToManyInexistent" class="RafflesArgentina\RestfulController\WorksWithRelationsTest" classname="RafflesArgentina.RestfulController.WorksWithRelationsTest" file="/Users/mpatronelli/Desarrollo/l8-restful-controller/tests/WorksWithRelationsTest.php" line="915" assertions="0" time="0.005066">
          <error type="Error">RafflesArgentina\RestfulController\WorksWithRelationsTest::testUpdateMorphToManyInexistent
Error: Class 'Orchestra\Database\ConsoleServiceProvider' not found

/Users/mpatronelli/Desarrollo/l8-restful-controller/vendor/laravel/framework/src/Illuminate/Foundation/ProviderRepository.php:208
/Users/mpatronelli/Desarrollo/l8-restful-controller/vendor/laravel/framework/src/Illuminate/Foundation/ProviderRepository.php:144
/Users/mpatronelli/Desarrollo/l8-restful-controller/vendor/laravel/framework/src/Illuminate/Foundation/ProviderRepository.php:61
/Users/mpatronelli/Desarrollo/l8-restful-controller/vendor/laravel/framework/src/Illuminate/Foundation/Application.php:604
/Users/mpatronelli/Desarrollo/l8-restful-controller/vendor/laravel/framework/src/Illuminate/Foundation/Bootstrap/RegisterProviders.php:17
/Users/mpatronelli/Desarrollo/l8-restful-controller/vendor/orchestra/testbench-core/src/Concerns/CreatesApplication.php:319
/Users/mpatronelli/Desarrollo/l8-restful-controller/vendor/orchestra/testbench-core/src/Concerns/CreatesApplication.php:213
/Users/mpatronelli/Desarrollo/l8-restful-controller/vendor/orchestra/testbench-core/src/TestCase.php:75
/Users/mpatronelli/Desarrollo/l8-restful-controller/vendor/orchestra/testbench-core/src/Concerns/Testing.php:78
/Users/mpatronelli/Desarrollo/l8-restful-controller/vendor/orchestra/testbench-core/src/TestCase.php:43
/Users/mpatronelli/Desarrollo/l8-restful-controller/tests/BaseTest.php:12</error>
        </testcase>
      </testsuite>
    </testsuite>
  </testsuite>
</testsuites>
